ARM GAS  C:\Users\User\AppData\Local\Temp\cc9ZjD7X.s 			page 1


   1              		.syntax unified
   2              		.cpu cortex-m3
   3              		.fpu softvfp
   4              		.eabi_attribute 20, 1
   5              		.eabi_attribute 21, 1
   6              		.eabi_attribute 23, 3
   7              		.eabi_attribute 24, 1
   8              		.eabi_attribute 25, 1
   9              		.eabi_attribute 26, 1
  10              		.eabi_attribute 30, 1
  11              		.eabi_attribute 34, 1
  12              		.eabi_attribute 18, 4
  13              		.thumb
  14              		.syntax unified
  15              		.file	"cymetadata.c"
  16              		.text
  17              	.Ltext0:
  18              		.cfi_sections	.debug_frame
  19              		.global	cy_metadata
  20              		.global	cy_meta_flashprotect
  21              		.global	cy_meta_wonvl
  22              		.global	cy_meta_custnvl
  23              		.global	cy_meta_configecc
  24              		.section	.cyconfigecc,"a",%progbits
  25              		.align	2
  26              		.type	cy_meta_configecc, %object
  27              		.size	cy_meta_configecc, 1924
  28              	cy_meta_configecc:
  29 0000 02       		.byte	2
  30 0001 4F       		.byte	79
  31 0002 00       		.byte	0
  32 0003 40       		.byte	64
  33 0004 03       		.byte	3
  34 0005 5A       		.byte	90
  35 0006 00       		.byte	0
  36 0007 40       		.byte	64
  37 0008 01       		.byte	1
  38 0009 64       		.byte	100
  39 000a 00       		.byte	0
  40 000b 40       		.byte	64
  41 000c 02       		.byte	2
  42 000d 65       		.byte	101
  43 000e 00       		.byte	0
  44 000f 40       		.byte	64
  45 0010 01       		.byte	1
  46 0011 01       		.byte	1
  47 0012 01       		.byte	1
  48 0013 40       		.byte	64
  49 0014 32       		.byte	50
  50 0015 02       		.byte	2
  51 0016 01       		.byte	1
  52 0017 40       		.byte	64
  53 0018 35       		.byte	53
  54 0019 03       		.byte	3
  55 001a 01       		.byte	1
  56 001b 40       		.byte	64
  57 001c 61       		.byte	97
ARM GAS  C:\Users\User\AppData\Local\Temp\cc9ZjD7X.s 			page 2


  58 001d 04       		.byte	4
  59 001e 01       		.byte	1
  60 001f 40       		.byte	64
  61 0020 42       		.byte	66
  62 0021 05       		.byte	5
  63 0022 01       		.byte	1
  64 0023 40       		.byte	64
  65 0024 51       		.byte	81
  66 0025 06       		.byte	6
  67 0026 01       		.byte	1
  68 0027 40       		.byte	64
  69 0028 45       		.byte	69
  70 0029 07       		.byte	7
  71 002a 01       		.byte	1
  72 002b 40       		.byte	64
  73 002c 01       		.byte	1
  74 002d 09       		.byte	9
  75 002e 01       		.byte	1
  76 002f 40       		.byte	64
  77 0030 04       		.byte	4
  78 0031 0B       		.byte	11
  79 0032 01       		.byte	1
  80 0033 40       		.byte	64
  81 0034 04       		.byte	4
  82 0035 0C       		.byte	12
  83 0036 01       		.byte	1
  84 0037 40       		.byte	64
  85 0038 01       		.byte	1
  86 0039 0D       		.byte	13
  87 003a 01       		.byte	1
  88 003b 40       		.byte	64
  89 003c 01       		.byte	1
  90 003d 0F       		.byte	15
  91 003e 01       		.byte	1
  92 003f 40       		.byte	64
  93 0040 44       		.byte	68
  94 0041 14       		.byte	20
  95 0042 01       		.byte	1
  96 0043 40       		.byte	64
  97 0044 3B       		.byte	59
  98 0045 15       		.byte	21
  99 0046 01       		.byte	1
 100 0047 40       		.byte	64
 101 0048 51       		.byte	81
 102 0049 16       		.byte	22
 103 004a 01       		.byte	1
 104 004b 40       		.byte	64
 105 004c 3C       		.byte	60
 106 004d 17       		.byte	23
 107 004e 01       		.byte	1
 108 004f 40       		.byte	64
 109 0050 02       		.byte	2
 110 0051 19       		.byte	25
 111 0052 01       		.byte	1
 112 0053 40       		.byte	64
 113 0054 02       		.byte	2
 114 0055 1B       		.byte	27
ARM GAS  C:\Users\User\AppData\Local\Temp\cc9ZjD7X.s 			page 3


 115 0056 01       		.byte	1
 116 0057 40       		.byte	64
 117 0058 15       		.byte	21
 118 0059 40       		.byte	64
 119 005a 01       		.byte	1
 120 005b 40       		.byte	64
 121 005c 18       		.byte	24
 122 005d 41       		.byte	65
 123 005e 01       		.byte	1
 124 005f 40       		.byte	64
 125 0060 0A       		.byte	10
 126 0061 42       		.byte	66
 127 0062 01       		.byte	1
 128 0063 40       		.byte	64
 129 0064 0F       		.byte	15
 130 0065 43       		.byte	67
 131 0066 01       		.byte	1
 132 0067 40       		.byte	64
 133 0068 04       		.byte	4
 134 0069 44       		.byte	68
 135 006a 01       		.byte	1
 136 006b 40       		.byte	64
 137 006c 04       		.byte	4
 138 006d 45       		.byte	69
 139 006e 01       		.byte	1
 140 006f 40       		.byte	64
 141 0070 09       		.byte	9
 142 0071 46       		.byte	70
 143 0072 01       		.byte	1
 144 0073 40       		.byte	64
 145 0074 07       		.byte	7
 146 0075 47       		.byte	71
 147 0076 01       		.byte	1
 148 0077 40       		.byte	64
 149 0078 07       		.byte	7
 150 0079 48       		.byte	72
 151 007a 01       		.byte	1
 152 007b 40       		.byte	64
 153 007c 05       		.byte	5
 154 007d 49       		.byte	73
 155 007e 01       		.byte	1
 156 007f 40       		.byte	64
 157 0080 0D       		.byte	13
 158 0081 4C       		.byte	76
 159 0082 01       		.byte	1
 160 0083 40       		.byte	64
 161 0084 05       		.byte	5
 162 0085 4D       		.byte	77
 163 0086 01       		.byte	1
 164 0087 40       		.byte	64
 165 0088 0C       		.byte	12
 166 0089 50       		.byte	80
 167 008a 01       		.byte	1
 168 008b 40       		.byte	64
 169 008c 05       		.byte	5
 170 008d 51       		.byte	81
 171 008e 01       		.byte	1
ARM GAS  C:\Users\User\AppData\Local\Temp\cc9ZjD7X.s 			page 4


 172 008f 40       		.byte	64
 173 0090 01       		.byte	1
 174 0091 80       		.byte	-128
 175 0092 0A       		.byte	10
 176 0093 87       		.byte	-121
 177 0094 1B       		.byte	27
 178 0095 20       		.byte	32
 179 0096 2B       		.byte	43
 180 0097 20       		.byte	32
 181 0098 CF       		.byte	-49
 182 0099 04       		.byte	4
 183 009a 85       		.byte	-123
 184 009b 0F       		.byte	15
 185 009c 85       		.byte	-123
 186 009d 72       		.byte	114
 187 009e 86       		.byte	-122
 188 009f 38       		.byte	56
 189 00a0 8C       		.byte	-116
 190 00a1 10       		.byte	16
 191 00a2 02       		.byte	2
 192 00a3 01       		.byte	1
 193 00a4 07       		.byte	7
 194 00a5 05       		.byte	5
 195 00a6 08       		.byte	8
 196 00a7 01       		.byte	1
 197 00a8 15       		.byte	21
 198 00a9 0A       		.byte	10
 199 00aa 16       		.byte	22
 200 00ab 01       		.byte	1
 201 00ac 17       		.byte	23
 202 00ad 04       		.byte	4
 203 00ae 19       		.byte	25
 204 00af 03       		.byte	3
 205 00b0 1A       		.byte	26
 206 00b1 01       		.byte	1
 207 00b2 1B       		.byte	27
 208 00b3 0C       		.byte	12
 209 00b4 1D       		.byte	29
 210 00b5 03       		.byte	3
 211 00b6 1F       		.byte	31
 212 00b7 04       		.byte	4
 213 00b8 24       		.byte	36
 214 00b9 01       		.byte	1
 215 00ba 25       		.byte	37
 216 00bb 03       		.byte	3
 217 00bc 27       		.byte	39
 218 00bd 04       		.byte	4
 219 00be 2B       		.byte	43
 220 00bf 08       		.byte	8
 221 00c0 30       		.byte	48
 222 00c1 01       		.byte	1
 223 00c2 35       		.byte	53
 224 00c3 0F       		.byte	15
 225 00c4 3B       		.byte	59
 226 00c5 20       		.byte	32
 227 00c6 3E       		.byte	62
 228 00c7 01       		.byte	1
ARM GAS  C:\Users\User\AppData\Local\Temp\cc9ZjD7X.s 			page 5


 229 00c8 58       		.byte	88
 230 00c9 04       		.byte	4
 231 00ca 59       		.byte	89
 232 00cb 04       		.byte	4
 233 00cc 5B       		.byte	91
 234 00cd 2B       		.byte	43
 235 00ce 5D       		.byte	93
 236 00cf 90       		.byte	-112
 237 00d0 5F       		.byte	95
 238 00d1 01       		.byte	1
 239 00d2 85       		.byte	-123
 240 00d3 0C       		.byte	12
 241 00d4 87       		.byte	-121
 242 00d5 03       		.byte	3
 243 00d6 8A       		.byte	-118
 244 00d7 03       		.byte	3
 245 00d8 8B       		.byte	-117
 246 00d9 03       		.byte	3
 247 00da 96       		.byte	-106
 248 00db 06       		.byte	6
 249 00dc 99       		.byte	-103
 250 00dd 01       		.byte	1
 251 00de 9A       		.byte	-102
 252 00df 05       		.byte	5
 253 00e0 9B       		.byte	-101
 254 00e1 06       		.byte	6
 255 00e2 9F       		.byte	-97
 256 00e3 08       		.byte	8
 257 00e4 A2       		.byte	-94
 258 00e5 02       		.byte	2
 259 00e6 A5       		.byte	-91
 260 00e7 01       		.byte	1
 261 00e8 A6       		.byte	-90
 262 00e9 01       		.byte	1
 263 00ea A7       		.byte	-89
 264 00eb 0E       		.byte	14
 265 00ec A8       		.byte	-88
 266 00ed 06       		.byte	6
 267 00ee AA       		.byte	-86
 268 00ef 01       		.byte	1
 269 00f0 AB       		.byte	-85
 270 00f1 0C       		.byte	12
 271 00f2 B2       		.byte	-78
 272 00f3 07       		.byte	7
 273 00f4 B3       		.byte	-77
 274 00f5 0F       		.byte	15
 275 00f6 BA       		.byte	-70
 276 00f7 08       		.byte	8
 277 00f8 BB       		.byte	-69
 278 00f9 08       		.byte	8
 279 00fa D2       		.byte	-46
 280 00fb 01       		.byte	1
 281 00fc D8       		.byte	-40
 282 00fd 04       		.byte	4
 283 00fe D9       		.byte	-39
 284 00ff 04       		.byte	4
 285 0100 DB       		.byte	-37
ARM GAS  C:\Users\User\AppData\Local\Temp\cc9ZjD7X.s 			page 6


 286 0101 29       		.byte	41
 287 0102 DD       		.byte	-35
 288 0103 90       		.byte	-112
 289 0104 DF       		.byte	-33
 290 0105 01       		.byte	1
 291 0106 00       		.byte	0
 292 0107 10       		.byte	16
 293 0108 04       		.byte	4
 294 0109 10       		.byte	16
 295 010a 06       		.byte	6
 296 010b 42       		.byte	66
 297 010c 07       		.byte	7
 298 010d 82       		.byte	-126
 299 010e 09       		.byte	9
 300 010f 10       		.byte	16
 301 0110 0A       		.byte	10
 302 0111 10       		.byte	16
 303 0112 0C       		.byte	12
 304 0113 20       		.byte	32
 305 0114 0D       		.byte	13
 306 0115 18       		.byte	24
 307 0116 0E       		.byte	14
 308 0117 04       		.byte	4
 309 0118 10       		.byte	16
 310 0119 A0       		.byte	-96
 311 011a 12       		.byte	18
 312 011b 08       		.byte	8
 313 011c 17       		.byte	23
 314 011d 08       		.byte	8
 315 011e 18       		.byte	24
 316 011f 10       		.byte	16
 317 0120 19       		.byte	25
 318 0121 08       		.byte	8
 319 0122 1E       		.byte	30
 320 0123 80       		.byte	-128
 321 0124 21       		.byte	33
 322 0125 0C       		.byte	12
 323 0126 22       		.byte	34
 324 0127 08       		.byte	8
 325 0128 25       		.byte	37
 326 0129 10       		.byte	16
 327 012a 26       		.byte	38
 328 012b 20       		.byte	32
 329 012c 27       		.byte	39
 330 012d 08       		.byte	8
 331 012e 28       		.byte	40
 332 012f 04       		.byte	4
 333 0130 29       		.byte	41
 334 0131 08       		.byte	8
 335 0132 2C       		.byte	44
 336 0133 04       		.byte	4
 337 0134 2D       		.byte	45
 338 0135 08       		.byte	8
 339 0136 2E       		.byte	46
 340 0137 10       		.byte	16
 341 0138 30       		.byte	48
 342 0139 80       		.byte	-128
ARM GAS  C:\Users\User\AppData\Local\Temp\cc9ZjD7X.s 			page 7


 343 013a 32       		.byte	50
 344 013b 20       		.byte	32
 345 013c 36       		.byte	54
 346 013d 28       		.byte	40
 347 013e 37       		.byte	55
 348 013f 80       		.byte	-128
 349 0140 39       		.byte	57
 350 0141 28       		.byte	40
 351 0142 3E       		.byte	62
 352 0143 04       		.byte	4
 353 0144 59       		.byte	89
 354 0145 01       		.byte	1
 355 0146 5F       		.byte	95
 356 0147 02       		.byte	2
 357 0148 61       		.byte	97
 358 0149 04       		.byte	4
 359 014a 62       		.byte	98
 360 014b 90       		.byte	-112
 361 014c 66       		.byte	102
 362 014d 08       		.byte	8
 363 014e 67       		.byte	103
 364 014f 05       		.byte	5
 365 0150 68       		.byte	104
 366 0151 01       		.byte	1
 367 0152 7B       		.byte	123
 368 0153 04       		.byte	4
 369 0154 7C       		.byte	124
 370 0155 02       		.byte	2
 371 0156 83       		.byte	-125
 372 0157 40       		.byte	64
 373 0158 94       		.byte	-108
 374 0159 20       		.byte	32
 375 015a 95       		.byte	-107
 376 015b 02       		.byte	2
 377 015c AD       		.byte	-83
 378 015d 01       		.byte	1
 379 015e C0       		.byte	-64
 380 015f 52       		.byte	82
 381 0160 C2       		.byte	-62
 382 0161 66       		.byte	102
 383 0162 C4       		.byte	-60
 384 0163 2E       		.byte	46
 385 0164 CA       		.byte	-54
 386 0165 66       		.byte	102
 387 0166 CC       		.byte	-52
 388 0167 7C       		.byte	124
 389 0168 CE       		.byte	-50
 390 0169 46       		.byte	70
 391 016a D6       		.byte	-42
 392 016b 81       		.byte	-127
 393 016c D8       		.byte	-40
 394 016d 7E       		.byte	126
 395 016e DE       		.byte	-34
 396 016f 84       		.byte	-124
 397 0170 05       		.byte	5
 398 0171 20       		.byte	32
 399 0172 06       		.byte	6
ARM GAS  C:\Users\User\AppData\Local\Temp\cc9ZjD7X.s 			page 8


 400 0173 02       		.byte	2
 401 0174 08       		.byte	8
 402 0175 02       		.byte	2
 403 0176 09       		.byte	9
 404 0177 09       		.byte	9
 405 0178 0B       		.byte	11
 406 0179 10       		.byte	16
 407 017a 0D       		.byte	13
 408 017b 20       		.byte	32
 409 017c 10       		.byte	16
 410 017d 01       		.byte	1
 411 017e 13       		.byte	19
 412 017f 03       		.byte	3
 413 0180 15       		.byte	21
 414 0181 1C       		.byte	28
 415 0182 17       		.byte	23
 416 0183 02       		.byte	2
 417 0184 19       		.byte	25
 418 0185 14       		.byte	20
 419 0186 1D       		.byte	29
 420 0187 10       		.byte	16
 421 0188 23       		.byte	35
 422 0189 20       		.byte	32
 423 018a 25       		.byte	37
 424 018b 0C       		.byte	12
 425 018c 27       		.byte	39
 426 018d 11       		.byte	17
 427 018e 29       		.byte	41
 428 018f 10       		.byte	16
 429 0190 2B       		.byte	43
 430 0191 0C       		.byte	12
 431 0192 30       		.byte	48
 432 0193 02       		.byte	2
 433 0194 31       		.byte	49
 434 0195 1F       		.byte	31
 435 0196 32       		.byte	50
 436 0197 01       		.byte	1
 437 0198 33       		.byte	51
 438 0199 20       		.byte	32
 439 019a 38       		.byte	56
 440 019b 02       		.byte	2
 441 019c 39       		.byte	57
 442 019d 08       		.byte	8
 443 019e 3E       		.byte	62
 444 019f 05       		.byte	5
 445 01a0 3F       		.byte	63
 446 01a1 04       		.byte	4
 447 01a2 41       		.byte	65
 448 01a3 05       		.byte	5
 449 01a4 44       		.byte	68
 450 01a5 04       		.byte	4
 451 01a6 45       		.byte	69
 452 01a7 CF       		.byte	-49
 453 01a8 46       		.byte	70
 454 01a9 DE       		.byte	-34
 455 01aa 47       		.byte	71
 456 01ab B0       		.byte	-80
ARM GAS  C:\Users\User\AppData\Local\Temp\cc9ZjD7X.s 			page 9


 457 01ac 48       		.byte	72
 458 01ad 2F       		.byte	47
 459 01ae 49       		.byte	73
 460 01af FF       		.byte	-1
 461 01b0 4A       		.byte	74
 462 01b1 FF       		.byte	-1
 463 01b2 4B       		.byte	75
 464 01b3 FF       		.byte	-1
 465 01b4 4C       		.byte	76
 466 01b5 EA       		.byte	-22
 467 01b6 4D       		.byte	77
 468 01b7 55       		.byte	85
 469 01b8 4E       		.byte	78
 470 01b9 B0       		.byte	-80
 471 01ba 4F       		.byte	79
 472 01bb 48       		.byte	72
 473 01bc 50       		.byte	80
 474 01bd 1C       		.byte	28
 475 01be 52       		.byte	82
 476 01bf 01       		.byte	1
 477 01c0 58       		.byte	88
 478 01c1 04       		.byte	4
 479 01c2 59       		.byte	89
 480 01c3 04       		.byte	4
 481 01c4 5A       		.byte	90
 482 01c5 29       		.byte	41
 483 01c6 5B       		.byte	91
 484 01c7 2B       		.byte	43
 485 01c8 5D       		.byte	93
 486 01c9 99       		.byte	-103
 487 01ca 5F       		.byte	95
 488 01cb 01       		.byte	1
 489 01cc 61       		.byte	97
 490 01cd 08       		.byte	8
 491 01ce 63       		.byte	99
 492 01cf 08       		.byte	8
 493 01d0 65       		.byte	101
 494 01d1 08       		.byte	8
 495 01d2 67       		.byte	103
 496 01d3 08       		.byte	8
 497 01d4 68       		.byte	104
 498 01d5 50       		.byte	80
 499 01d6 69       		.byte	105
 500 01d7 0A       		.byte	10
 501 01d8 6A       		.byte	106
 502 01d9 40       		.byte	64
 503 01da 6B       		.byte	107
 504 01db A8       		.byte	-88
 505 01dc 6C       		.byte	108
 506 01dd C0       		.byte	-64
 507 01de 6E       		.byte	110
 508 01df 40       		.byte	64
 509 01e0 6F       		.byte	111
 510 01e1 A8       		.byte	-88
 511 01e2 84       		.byte	-124
 512 01e3 01       		.byte	1
 513 01e4 88       		.byte	-120
ARM GAS  C:\Users\User\AppData\Local\Temp\cc9ZjD7X.s 			page 10


 514 01e5 01       		.byte	1
 515 01e6 96       		.byte	-106
 516 01e7 01       		.byte	1
 517 01e8 98       		.byte	-104
 518 01e9 02       		.byte	2
 519 01ea A4       		.byte	-92
 520 01eb 04       		.byte	4
 521 01ec B2       		.byte	-78
 522 01ed 03       		.byte	3
 523 01ee B4       		.byte	-76
 524 01ef 04       		.byte	4
 525 01f0 B8       		.byte	-72
 526 01f1 08       		.byte	8
 527 01f2 BE       		.byte	-66
 528 01f3 10       		.byte	16
 529 01f4 C1       		.byte	-63
 530 01f5 04       		.byte	4
 531 01f6 C4       		.byte	-60
 532 01f7 05       		.byte	5
 533 01f8 C5       		.byte	-59
 534 01f9 ED       		.byte	-19
 535 01fa C6       		.byte	-58
 536 01fb 0B       		.byte	11
 537 01fc C7       		.byte	-57
 538 01fd CF       		.byte	-49
 539 01fe C8       		.byte	-56
 540 01ff 37       		.byte	55
 541 0200 C9       		.byte	-55
 542 0201 FF       		.byte	-1
 543 0202 CA       		.byte	-54
 544 0203 FF       		.byte	-1
 545 0204 CB       		.byte	-53
 546 0205 FF       		.byte	-1
 547 0206 CC       		.byte	-52
 548 0207 EA       		.byte	-22
 549 0208 CD       		.byte	-51
 550 0209 55       		.byte	85
 551 020a CE       		.byte	-50
 552 020b B0       		.byte	-80
 553 020c CF       		.byte	-49
 554 020d 48       		.byte	72
 555 020e D0       		.byte	-48
 556 020f 1C       		.byte	28
 557 0210 D4       		.byte	-44
 558 0211 01       		.byte	1
 559 0212 D8       		.byte	-40
 560 0213 04       		.byte	4
 561 0214 DA       		.byte	-38
 562 0215 2B       		.byte	43
 563 0216 DB       		.byte	-37
 564 0217 04       		.byte	4
 565 0218 DD       		.byte	-35
 566 0219 09       		.byte	9
 567 021a DF       		.byte	-33
 568 021b 01       		.byte	1
 569 021c E1       		.byte	-31
 570 021d 08       		.byte	8
ARM GAS  C:\Users\User\AppData\Local\Temp\cc9ZjD7X.s 			page 11


 571 021e E3       		.byte	-29
 572 021f 08       		.byte	8
 573 0220 E5       		.byte	-27
 574 0221 08       		.byte	8
 575 0222 E7       		.byte	-25
 576 0223 08       		.byte	8
 577 0224 E8       		.byte	-24
 578 0225 50       		.byte	80
 579 0226 E9       		.byte	-23
 580 0227 0A       		.byte	10
 581 0228 EA       		.byte	-22
 582 0229 40       		.byte	64
 583 022a EB       		.byte	-21
 584 022b A8       		.byte	-88
 585 022c EC       		.byte	-20
 586 022d C0       		.byte	-64
 587 022e EE       		.byte	-18
 588 022f 40       		.byte	64
 589 0230 EF       		.byte	-17
 590 0231 A8       		.byte	-88
 591 0232 02       		.byte	2
 592 0233 04       		.byte	4
 593 0234 03       		.byte	3
 594 0235 28       		.byte	40
 595 0236 05       		.byte	5
 596 0237 28       		.byte	40
 597 0238 07       		.byte	7
 598 0239 08       		.byte	8
 599 023a 09       		.byte	9
 600 023b 02       		.byte	2
 601 023c 0C       		.byte	12
 602 023d 20       		.byte	32
 603 023e 0D       		.byte	13
 604 023f 08       		.byte	8
 605 0240 15       		.byte	21
 606 0241 08       		.byte	8
 607 0242 18       		.byte	24
 608 0243 20       		.byte	32
 609 0244 1A       		.byte	26
 610 0245 80       		.byte	-128
 611 0246 1C       		.byte	28
 612 0247 10       		.byte	16
 613 0248 1E       		.byte	30
 614 0249 14       		.byte	20
 615 024a 21       		.byte	33
 616 024b 02       		.byte	2
 617 024c 23       		.byte	35
 618 024d 20       		.byte	32
 619 024e 29       		.byte	41
 620 024f 2A       		.byte	42
 621 0250 30       		.byte	48
 622 0251 80       		.byte	-128
 623 0252 31       		.byte	49
 624 0253 0A       		.byte	10
 625 0254 32       		.byte	50
 626 0255 20       		.byte	32
 627 0256 38       		.byte	56
ARM GAS  C:\Users\User\AppData\Local\Temp\cc9ZjD7X.s 			page 12


 628 0257 10       		.byte	16
 629 0258 39       		.byte	57
 630 0259 40       		.byte	64
 631 025a 3A       		.byte	58
 632 025b 04       		.byte	4
 633 025c 41       		.byte	65
 634 025d 01       		.byte	1
 635 025e 47       		.byte	71
 636 025f 02       		.byte	2
 637 0260 48       		.byte	72
 638 0261 01       		.byte	1
 639 0262 49       		.byte	73
 640 0263 05       		.byte	5
 641 0264 4F       		.byte	79
 642 0265 85       		.byte	-123
 643 0266 51       		.byte	81
 644 0267 01       		.byte	1
 645 0268 52       		.byte	82
 646 0269 90       		.byte	-112
 647 026a 56       		.byte	86
 648 026b 0A       		.byte	10
 649 026c 57       		.byte	87
 650 026d 40       		.byte	64
 651 026e 5E       		.byte	94
 652 026f 85       		.byte	-123
 653 0270 5F       		.byte	95
 654 0271 10       		.byte	16
 655 0272 6B       		.byte	107
 656 0273 02       		.byte	2
 657 0274 78       		.byte	120
 658 0275 02       		.byte	2
 659 0276 7B       		.byte	123
 660 0277 04       		.byte	4
 661 0278 7C       		.byte	124
 662 0279 02       		.byte	2
 663 027a 81       		.byte	-127
 664 027b 02       		.byte	2
 665 027c 83       		.byte	-125
 666 027d 28       		.byte	40
 667 027e 94       		.byte	-108
 668 027f 20       		.byte	32
 669 0280 95       		.byte	-107
 670 0281 02       		.byte	2
 671 0282 96       		.byte	-106
 672 0283 10       		.byte	16
 673 0284 97       		.byte	-105
 674 0285 05       		.byte	5
 675 0286 99       		.byte	-103
 676 0287 08       		.byte	8
 677 0288 9B       		.byte	-101
 678 0289 08       		.byte	8
 679 028a 9C       		.byte	-100
 680 028b 02       		.byte	2
 681 028c 9D       		.byte	-99
 682 028d 05       		.byte	5
 683 028e 9E       		.byte	-98
 684 028f 5A       		.byte	90
ARM GAS  C:\Users\User\AppData\Local\Temp\cc9ZjD7X.s 			page 13


 685 0290 A0       		.byte	-96
 686 0291 01       		.byte	1
 687 0292 A1       		.byte	-95
 688 0293 18       		.byte	24
 689 0294 A2       		.byte	-94
 690 0295 40       		.byte	64
 691 0296 A4       		.byte	-92
 692 0297 A0       		.byte	-96
 693 0298 A6       		.byte	-90
 694 0299 80       		.byte	-128
 695 029a A7       		.byte	-89
 696 029b 44       		.byte	68
 697 029c C0       		.byte	-64
 698 029d 66       		.byte	102
 699 029e C2       		.byte	-62
 700 029f 68       		.byte	104
 701 02a0 C4       		.byte	-60
 702 02a1 20       		.byte	32
 703 02a2 CA       		.byte	-54
 704 02a3 07       		.byte	7
 705 02a4 CC       		.byte	-52
 706 02a5 0F       		.byte	15
 707 02a6 CE       		.byte	-50
 708 02a7 0E       		.byte	14
 709 02a8 D0       		.byte	-48
 710 02a9 81       		.byte	-127
 711 02aa D2       		.byte	-46
 712 02ab 18       		.byte	24
 713 02ac D6       		.byte	-42
 714 02ad F0       		.byte	-16
 715 02ae DE       		.byte	-34
 716 02af 85       		.byte	-123
 717 02b0 E2       		.byte	-30
 718 02b1 02       		.byte	2
 719 02b2 E6       		.byte	-26
 720 02b3 05       		.byte	5
 721 02b4 EE       		.byte	-18
 722 02b5 40       		.byte	64
 723 02b6 01       		.byte	1
 724 02b7 02       		.byte	2
 725 02b8 03       		.byte	3
 726 02b9 01       		.byte	1
 727 02ba 08       		.byte	8
 728 02bb 07       		.byte	7
 729 02bc 15       		.byte	21
 730 02bd 01       		.byte	1
 731 02be 17       		.byte	23
 732 02bf 02       		.byte	2
 733 02c0 18       		.byte	24
 734 02c1 01       		.byte	1
 735 02c2 1A       		.byte	26
 736 02c3 06       		.byte	6
 737 02c4 1C       		.byte	28
 738 02c5 04       		.byte	4
 739 02c6 1E       		.byte	30
 740 02c7 01       		.byte	1
 741 02c8 24       		.byte	36
ARM GAS  C:\Users\User\AppData\Local\Temp\cc9ZjD7X.s 			page 14


 742 02c9 02       		.byte	2
 743 02ca 25       		.byte	37
 744 02cb 03       		.byte	3
 745 02cc 26       		.byte	38
 746 02cd 01       		.byte	1
 747 02ce 28       		.byte	40
 748 02cf 07       		.byte	7
 749 02d0 29       		.byte	41
 750 02d1 03       		.byte	3
 751 02d2 34       		.byte	52
 752 02d3 07       		.byte	7
 753 02d4 35       		.byte	53
 754 02d5 03       		.byte	3
 755 02d6 3B       		.byte	59
 756 02d7 08       		.byte	8
 757 02d8 41       		.byte	65
 758 02d9 04       		.byte	4
 759 02da 44       		.byte	68
 760 02db 05       		.byte	5
 761 02dc 45       		.byte	69
 762 02dd ED       		.byte	-19
 763 02de 46       		.byte	70
 764 02df CB       		.byte	-53
 765 02e0 47       		.byte	71
 766 02e1 0F       		.byte	15
 767 02e2 48       		.byte	72
 768 02e3 1F       		.byte	31
 769 02e4 49       		.byte	73
 770 02e5 FF       		.byte	-1
 771 02e6 4A       		.byte	74
 772 02e7 FF       		.byte	-1
 773 02e8 4B       		.byte	75
 774 02e9 FF       		.byte	-1
 775 02ea 4C       		.byte	76
 776 02eb EA       		.byte	-22
 777 02ec 4D       		.byte	77
 778 02ed 55       		.byte	85
 779 02ee 4E       		.byte	78
 780 02ef B0       		.byte	-80
 781 02f0 4F       		.byte	79
 782 02f1 48       		.byte	72
 783 02f2 50       		.byte	80
 784 02f3 1C       		.byte	28
 785 02f4 52       		.byte	82
 786 02f5 01       		.byte	1
 787 02f6 58       		.byte	88
 788 02f7 04       		.byte	4
 789 02f8 59       		.byte	89
 790 02f9 04       		.byte	4
 791 02fa 5A       		.byte	90
 792 02fb 29       		.byte	41
 793 02fc 5B       		.byte	91
 794 02fd 29       		.byte	41
 795 02fe 5D       		.byte	93
 796 02ff 99       		.byte	-103
 797 0300 5F       		.byte	95
 798 0301 01       		.byte	1
ARM GAS  C:\Users\User\AppData\Local\Temp\cc9ZjD7X.s 			page 15


 799 0302 61       		.byte	97
 800 0303 08       		.byte	8
 801 0304 63       		.byte	99
 802 0305 08       		.byte	8
 803 0306 65       		.byte	101
 804 0307 08       		.byte	8
 805 0308 67       		.byte	103
 806 0309 08       		.byte	8
 807 030a 68       		.byte	104
 808 030b 50       		.byte	80
 809 030c 69       		.byte	105
 810 030d 0A       		.byte	10
 811 030e 6A       		.byte	106
 812 030f 40       		.byte	64
 813 0310 6B       		.byte	107
 814 0311 A8       		.byte	-88
 815 0312 6C       		.byte	108
 816 0313 C0       		.byte	-64
 817 0314 6E       		.byte	110
 818 0315 40       		.byte	64
 819 0316 6F       		.byte	111
 820 0317 A8       		.byte	-88
 821 0318 84       		.byte	-124
 822 0319 03       		.byte	3
 823 031a 94       		.byte	-108
 824 031b 02       		.byte	2
 825 031c 99       		.byte	-103
 826 031d 01       		.byte	1
 827 031e A6       		.byte	-90
 828 031f 01       		.byte	1
 829 0320 A8       		.byte	-88
 830 0321 03       		.byte	3
 831 0322 B0       		.byte	-80
 832 0323 03       		.byte	3
 833 0324 B3       		.byte	-77
 834 0325 01       		.byte	1
 835 0326 B7       		.byte	-73
 836 0327 01       		.byte	1
 837 0328 B8       		.byte	-72
 838 0329 02       		.byte	2
 839 032a BE       		.byte	-66
 840 032b 01       		.byte	1
 841 032c BF       		.byte	-65
 842 032d 44       		.byte	68
 843 032e C0       		.byte	-64
 844 032f 61       		.byte	97
 845 0330 C1       		.byte	-63
 846 0331 02       		.byte	2
 847 0332 C6       		.byte	-58
 848 0333 BC       		.byte	-68
 849 0334 C7       		.byte	-57
 850 0335 0E       		.byte	14
 851 0336 C8       		.byte	-56
 852 0337 1C       		.byte	28
 853 0338 C9       		.byte	-55
 854 0339 FF       		.byte	-1
 855 033a CA       		.byte	-54
ARM GAS  C:\Users\User\AppData\Local\Temp\cc9ZjD7X.s 			page 16


 856 033b FF       		.byte	-1
 857 033c CB       		.byte	-53
 858 033d FF       		.byte	-1
 859 033e CE       		.byte	-50
 860 033f F0       		.byte	-16
 861 0340 CF       		.byte	-49
 862 0341 44       		.byte	68
 863 0342 D0       		.byte	-48
 864 0343 0C       		.byte	12
 865 0344 D6       		.byte	-42
 866 0345 08       		.byte	8
 867 0346 D8       		.byte	-40
 868 0347 04       		.byte	4
 869 0348 D9       		.byte	-39
 870 0349 04       		.byte	4
 871 034a DA       		.byte	-38
 872 034b 04       		.byte	4
 873 034c DB       		.byte	-37
 874 034d 24       		.byte	36
 875 034e DD       		.byte	-35
 876 034f 90       		.byte	-112
 877 0350 DF       		.byte	-33
 878 0351 01       		.byte	1
 879 0352 E6       		.byte	-26
 880 0353 C0       		.byte	-64
 881 0354 EA       		.byte	-22
 882 0355 40       		.byte	64
 883 0356 EB       		.byte	-21
 884 0357 02       		.byte	2
 885 0358 00       		.byte	0
 886 0359 04       		.byte	4
 887 035a 01       		.byte	1
 888 035b 08       		.byte	8
 889 035c 04       		.byte	4
 890 035d 20       		.byte	32
 891 035e 09       		.byte	9
 892 035f 08       		.byte	8
 893 0360 0E       		.byte	14
 894 0361 04       		.byte	4
 895 0362 0F       		.byte	15
 896 0363 02       		.byte	2
 897 0364 10       		.byte	16
 898 0365 20       		.byte	32
 899 0366 11       		.byte	17
 900 0367 20       		.byte	32
 901 0368 13       		.byte	19
 902 0369 10       		.byte	16
 903 036a 15       		.byte	21
 904 036b 10       		.byte	16
 905 036c 17       		.byte	23
 906 036d 04       		.byte	4
 907 036e 18       		.byte	24
 908 036f 40       		.byte	64
 909 0370 1E       		.byte	30
 910 0371 04       		.byte	4
 911 0372 20       		.byte	32
 912 0373 22       		.byte	34
ARM GAS  C:\Users\User\AppData\Local\Temp\cc9ZjD7X.s 			page 17


 913 0374 27       		.byte	39
 914 0375 14       		.byte	20
 915 0376 2D       		.byte	45
 916 0377 10       		.byte	16
 917 0378 2F       		.byte	47
 918 0379 28       		.byte	40
 919 037a 31       		.byte	49
 920 037b 10       		.byte	16
 921 037c 37       		.byte	55
 922 037d 04       		.byte	4
 923 037e 3F       		.byte	63
 924 037f 02       		.byte	2
 925 0380 40       		.byte	64
 926 0381 05       		.byte	5
 927 0382 47       		.byte	71
 928 0383 01       		.byte	1
 929 0384 4B       		.byte	75
 930 0385 10       		.byte	16
 931 0386 4F       		.byte	79
 932 0387 85       		.byte	-123
 933 0388 51       		.byte	81
 934 0389 04       		.byte	4
 935 038a 52       		.byte	82
 936 038b 60       		.byte	96
 937 038c 56       		.byte	86
 938 038d 28       		.byte	40
 939 038e 57       		.byte	87
 940 038f C0       		.byte	-64
 941 0390 58       		.byte	88
 942 0391 48       		.byte	72
 943 0392 59       		.byte	89
 944 0393 12       		.byte	18
 945 0394 5E       		.byte	94
 946 0395 01       		.byte	1
 947 0396 60       		.byte	96
 948 0397 82       		.byte	-126
 949 0398 62       		.byte	98
 950 0399 08       		.byte	8
 951 039a 63       		.byte	99
 952 039b 08       		.byte	8
 953 039c 66       		.byte	102
 954 039d 08       		.byte	8
 955 039e 67       		.byte	103
 956 039f 05       		.byte	5
 957 03a0 69       		.byte	105
 958 03a1 40       		.byte	64
 959 03a2 6F       		.byte	111
 960 03a3 01       		.byte	1
 961 03a4 7E       		.byte	126
 962 03a5 08       		.byte	8
 963 03a6 86       		.byte	-122
 964 03a7 21       		.byte	33
 965 03a8 87       		.byte	-121
 966 03a9 80       		.byte	-128
 967 03aa 8C       		.byte	-116
 968 03ab 08       		.byte	8
 969 03ac 8D       		.byte	-115
ARM GAS  C:\Users\User\AppData\Local\Temp\cc9ZjD7X.s 			page 18


 970 03ad 12       		.byte	18
 971 03ae 95       		.byte	-107
 972 03af 48       		.byte	72
 973 03b0 99       		.byte	-103
 974 03b1 08       		.byte	8
 975 03b2 9B       		.byte	-101
 976 03b3 20       		.byte	32
 977 03b4 9C       		.byte	-100
 978 03b5 02       		.byte	2
 979 03b6 9E       		.byte	-98
 980 03b7 40       		.byte	64
 981 03b8 A1       		.byte	-95
 982 03b9 18       		.byte	24
 983 03ba A4       		.byte	-92
 984 03bb A0       		.byte	-96
 985 03bc A6       		.byte	-90
 986 03bd 20       		.byte	32
 987 03be A7       		.byte	-89
 988 03bf 04       		.byte	4
 989 03c0 AA       		.byte	-86
 990 03c1 40       		.byte	64
 991 03c2 AD       		.byte	-83
 992 03c3 04       		.byte	4
 993 03c4 AE       		.byte	-82
 994 03c5 01       		.byte	1
 995 03c6 B2       		.byte	-78
 996 03c7 40       		.byte	64
 997 03c8 B3       		.byte	-77
 998 03c9 10       		.byte	16
 999 03ca C0       		.byte	-64
 1000 03cb 44       		.byte	68
 1001 03cc C2       		.byte	-62
 1002 03cd C4       		.byte	-60
 1003 03ce C4       		.byte	-60
 1004 03cf 66       		.byte	102
 1005 03d0 CA       		.byte	-54
 1006 03d1 60       		.byte	96
 1007 03d2 CC       		.byte	-52
 1008 03d3 44       		.byte	68
 1009 03d4 CE       		.byte	-50
 1010 03d5 80       		.byte	-128
 1011 03d6 D0       		.byte	-48
 1012 03d7 8C       		.byte	-116
 1013 03d8 D2       		.byte	-46
 1014 03d9 14       		.byte	20
 1015 03da D6       		.byte	-42
 1016 03db 8F       		.byte	-113
 1017 03dc D8       		.byte	-40
 1018 03dd 7F       		.byte	127
 1019 03de DE       		.byte	-34
 1020 03df 20       		.byte	32
 1021 03e0 E0       		.byte	-32
 1022 03e1 40       		.byte	64
 1023 03e2 E0       		.byte	-32
 1024 03e3 40       		.byte	64
 1025 03e4 87       		.byte	-121
 1026 03e5 20       		.byte	32
ARM GAS  C:\Users\User\AppData\Local\Temp\cc9ZjD7X.s 			page 19


 1027 03e6 9B       		.byte	-101
 1028 03e7 20       		.byte	32
 1029 03e8 E6       		.byte	-26
 1030 03e9 05       		.byte	5
 1031 03ea EE       		.byte	-18
 1032 03eb 40       		.byte	64
 1033 03ec 39       		.byte	57
 1034 03ed 08       		.byte	8
 1035 03ee 3F       		.byte	63
 1036 03ef 04       		.byte	4
 1037 03f0 59       		.byte	89
 1038 03f1 04       		.byte	4
 1039 03f2 5F       		.byte	95
 1040 03f3 01       		.byte	1
 1041 03f4 27       		.byte	39
 1042 03f5 20       		.byte	32
 1043 03f6 E4       		.byte	-28
 1044 03f7 40       		.byte	64
 1045 03f8 41       		.byte	65
 1046 03f9 01       		.byte	1
 1047 03fa 44       		.byte	68
 1048 03fb 04       		.byte	4
 1049 03fc 45       		.byte	69
 1050 03fd CF       		.byte	-49
 1051 03fe 46       		.byte	70
 1052 03ff DE       		.byte	-34
 1053 0400 47       		.byte	71
 1054 0401 B0       		.byte	-80
 1055 0402 48       		.byte	72
 1056 0403 2F       		.byte	47
 1057 0404 49       		.byte	73
 1058 0405 FF       		.byte	-1
 1059 0406 4A       		.byte	74
 1060 0407 FF       		.byte	-1
 1061 0408 4B       		.byte	75
 1062 0409 FF       		.byte	-1
 1063 040a 4C       		.byte	76
 1064 040b EA       		.byte	-22
 1065 040c 4D       		.byte	77
 1066 040d 55       		.byte	85
 1067 040e 4E       		.byte	78
 1068 040f B0       		.byte	-80
 1069 0410 4F       		.byte	79
 1070 0411 48       		.byte	72
 1071 0412 50       		.byte	80
 1072 0413 1C       		.byte	28
 1073 0414 52       		.byte	82
 1074 0415 01       		.byte	1
 1075 0416 5A       		.byte	90
 1076 0417 28       		.byte	40
 1077 0418 5B       		.byte	91
 1078 0419 28       		.byte	40
 1079 041a 5D       		.byte	93
 1080 041b 99       		.byte	-103
 1081 041c 5F       		.byte	95
 1082 041d 01       		.byte	1
 1083 041e 61       		.byte	97
ARM GAS  C:\Users\User\AppData\Local\Temp\cc9ZjD7X.s 			page 20


 1084 041f 08       		.byte	8
 1085 0420 63       		.byte	99
 1086 0421 08       		.byte	8
 1087 0422 65       		.byte	101
 1088 0423 08       		.byte	8
 1089 0424 67       		.byte	103
 1090 0425 08       		.byte	8
 1091 0426 68       		.byte	104
 1092 0427 50       		.byte	80
 1093 0428 69       		.byte	105
 1094 0429 0A       		.byte	10
 1095 042a 6A       		.byte	106
 1096 042b 40       		.byte	64
 1097 042c 6B       		.byte	107
 1098 042d A8       		.byte	-88
 1099 042e 6C       		.byte	108
 1100 042f C0       		.byte	-64
 1101 0430 6E       		.byte	110
 1102 0431 40       		.byte	64
 1103 0432 6F       		.byte	111
 1104 0433 A8       		.byte	-88
 1105 0434 82       		.byte	-126
 1106 0435 40       		.byte	64
 1107 0436 83       		.byte	-125
 1108 0437 01       		.byte	1
 1109 0438 84       		.byte	-124
 1110 0439 FF       		.byte	-1
 1111 043a 85       		.byte	-123
 1112 043b 02       		.byte	2
 1113 043c 88       		.byte	-120
 1114 043d 01       		.byte	1
 1115 043e 89       		.byte	-119
 1116 043f 06       		.byte	6
 1117 0440 8C       		.byte	-116
 1118 0441 4F       		.byte	79
 1119 0442 8E       		.byte	-114
 1120 0443 90       		.byte	-112
 1121 0444 91       		.byte	-111
 1122 0445 04       		.byte	4
 1123 0446 92       		.byte	-110
 1124 0447 B3       		.byte	-77
 1125 0448 94       		.byte	-108
 1126 0449 F3       		.byte	-13
 1127 044a 96       		.byte	-106
 1128 044b 0C       		.byte	12
 1129 044c 98       		.byte	-104
 1130 044d 03       		.byte	3
 1131 044e 99       		.byte	-103
 1132 044f 0F       		.byte	15
 1133 0450 9C       		.byte	-100
 1134 0451 42       		.byte	66
 1135 0452 A0       		.byte	-96
 1136 0453 08       		.byte	8
 1137 0454 A4       		.byte	-92
 1138 0455 0C       		.byte	12
 1139 0456 A5       		.byte	-91
 1140 0457 09       		.byte	9
ARM GAS  C:\Users\User\AppData\Local\Temp\cc9ZjD7X.s 			page 21


 1141 0458 A7       		.byte	-89
 1142 0459 06       		.byte	6
 1143 045a A8       		.byte	-88
 1144 045b 04       		.byte	4
 1145 045c A9       		.byte	-87
 1146 045d 0F       		.byte	15
 1147 045e AC       		.byte	-84
 1148 045f 4C       		.byte	76
 1149 0460 AD       		.byte	-83
 1150 0461 0E       		.byte	14
 1151 0462 AE       		.byte	-82
 1152 0463 A3       		.byte	-93
 1153 0464 AF       		.byte	-81
 1154 0465 01       		.byte	1
 1155 0466 B0       		.byte	-80
 1156 0467 8C       		.byte	-116
 1157 0468 B2       		.byte	-78
 1158 0469 7C       		.byte	124
 1159 046a B4       		.byte	-76
 1160 046b 0F       		.byte	15
 1161 046c B5       		.byte	-75
 1162 046d 08       		.byte	8
 1163 046e B7       		.byte	-73
 1164 046f 07       		.byte	7
 1165 0470 BA       		.byte	-70
 1166 0471 2A       		.byte	42
 1167 0472 BF       		.byte	-65
 1168 0473 10       		.byte	16
 1169 0474 D6       		.byte	-42
 1170 0475 02       		.byte	2
 1171 0476 D7       		.byte	-41
 1172 0477 11       		.byte	17
 1173 0478 D8       		.byte	-40
 1174 0479 04       		.byte	4
 1175 047a D9       		.byte	-39
 1176 047b 04       		.byte	4
 1177 047c DB       		.byte	-37
 1178 047d 04       		.byte	4
 1179 047e DF       		.byte	-33
 1180 047f 01       		.byte	1
 1181 0480 04       		.byte	4
 1182 0481 40       		.byte	64
 1183 0482 06       		.byte	6
 1184 0483 80       		.byte	-128
 1185 0484 07       		.byte	7
 1186 0485 14       		.byte	20
 1187 0486 0C       		.byte	12
 1188 0487 01       		.byte	1
 1189 0488 0E       		.byte	14
 1190 0489 04       		.byte	4
 1191 048a 0F       		.byte	15
 1192 048b 12       		.byte	18
 1193 048c 16       		.byte	22
 1194 048d 2A       		.byte	42
 1195 048e 17       		.byte	23
 1196 048f 01       		.byte	1
 1197 0490 1C       		.byte	28
ARM GAS  C:\Users\User\AppData\Local\Temp\cc9ZjD7X.s 			page 22


 1198 0491 40       		.byte	64
 1199 0492 1F       		.byte	31
 1200 0493 16       		.byte	22
 1201 0494 24       		.byte	36
 1202 0495 01       		.byte	1
 1203 0496 26       		.byte	38
 1204 0497 10       		.byte	16
 1205 0498 2F       		.byte	47
 1206 0499 16       		.byte	22
 1207 049a 37       		.byte	55
 1208 049b 11       		.byte	17
 1209 049c 3E       		.byte	62
 1210 049d 29       		.byte	41
 1211 049e 41       		.byte	65
 1212 049f 41       		.byte	65
 1213 04a0 49       		.byte	73
 1214 04a1 05       		.byte	5
 1215 04a2 51       		.byte	81
 1216 04a3 21       		.byte	33
 1217 04a4 52       		.byte	82
 1218 04a5 40       		.byte	64
 1219 04a6 59       		.byte	89
 1220 04a7 01       		.byte	1
 1221 04a8 5E       		.byte	94
 1222 04a9 20       		.byte	32
 1223 04aa 61       		.byte	97
 1224 04ab 24       		.byte	36
 1225 04ac 62       		.byte	98
 1226 04ad 40       		.byte	64
 1227 04ae 64       		.byte	100
 1228 04af 10       		.byte	16
 1229 04b0 67       		.byte	103
 1230 04b1 30       		.byte	48
 1231 04b2 69       		.byte	105
 1232 04b3 80       		.byte	-128
 1233 04b4 6C       		.byte	108
 1234 04b5 10       		.byte	16
 1235 04b6 6E       		.byte	110
 1236 04b7 40       		.byte	64
 1237 04b8 6F       		.byte	111
 1238 04b9 28       		.byte	40
 1239 04ba 76       		.byte	118
 1240 04bb 28       		.byte	40
 1241 04bc 77       		.byte	119
 1242 04bd 01       		.byte	1
 1243 04be 78       		.byte	120
 1244 04bf 80       		.byte	-128
 1245 04c0 85       		.byte	-123
 1246 04c1 01       		.byte	1
 1247 04c2 86       		.byte	-122
 1248 04c3 02       		.byte	2
 1249 04c4 87       		.byte	-121
 1250 04c5 04       		.byte	4
 1251 04c6 88       		.byte	-120
 1252 04c7 40       		.byte	64
 1253 04c8 92       		.byte	-110
 1254 04c9 05       		.byte	5
ARM GAS  C:\Users\User\AppData\Local\Temp\cc9ZjD7X.s 			page 23


 1255 04ca 94       		.byte	-108
 1256 04cb 21       		.byte	33
 1257 04cc 96       		.byte	-106
 1258 04cd 40       		.byte	64
 1259 04ce 97       		.byte	-105
 1260 04cf 18       		.byte	24
 1261 04d0 98       		.byte	-104
 1262 04d1 81       		.byte	-127
 1263 04d2 9A       		.byte	-102
 1264 04d3 80       		.byte	-128
 1265 04d4 9B       		.byte	-101
 1266 04d5 14       		.byte	20
 1267 04d6 9C       		.byte	-100
 1268 04d7 50       		.byte	80
 1269 04d8 A3       		.byte	-93
 1270 04d9 01       		.byte	1
 1271 04da A7       		.byte	-89
 1272 04db 2A       		.byte	42
 1273 04dc AA       		.byte	-86
 1274 04dd 80       		.byte	-128
 1275 04de AB       		.byte	-85
 1276 04df 20       		.byte	32
 1277 04e0 C0       		.byte	-64
 1278 04e1 F0       		.byte	-16
 1279 04e2 C2       		.byte	-62
 1280 04e3 F0       		.byte	-16
 1281 04e4 C4       		.byte	-60
 1282 04e5 F0       		.byte	-16
 1283 04e6 CA       		.byte	-54
 1284 04e7 70       		.byte	112
 1285 04e8 CC       		.byte	-52
 1286 04e9 A0       		.byte	-96
 1287 04ea CE       		.byte	-50
 1288 04eb E0       		.byte	-32
 1289 04ec D0       		.byte	-48
 1290 04ed 09       		.byte	9
 1291 04ee D6       		.byte	-42
 1292 04ef 21       		.byte	33
 1293 04f0 D8       		.byte	-40
 1294 04f1 0E       		.byte	14
 1295 04f2 DE       		.byte	-34
 1296 04f3 08       		.byte	8
 1297 04f4 EE       		.byte	-18
 1298 04f5 08       		.byte	8
 1299 04f6 01       		.byte	1
 1300 04f7 02       		.byte	2
 1301 04f8 02       		.byte	2
 1302 04f9 01       		.byte	1
 1303 04fa 03       		.byte	3
 1304 04fb 28       		.byte	40
 1305 04fc 04       		.byte	4
 1306 04fd 02       		.byte	2
 1307 04fe 05       		.byte	5
 1308 04ff 03       		.byte	3
 1309 0500 07       		.byte	7
 1310 0501 04       		.byte	4
 1311 0502 08       		.byte	8
ARM GAS  C:\Users\User\AppData\Local\Temp\cc9ZjD7X.s 			page 24


 1312 0503 04       		.byte	4
 1313 0504 0F       		.byte	15
 1314 0505 10       		.byte	16
 1315 0506 10       		.byte	16
 1316 0507 04       		.byte	4
 1317 0508 13       		.byte	19
 1318 0509 03       		.byte	3
 1319 050a 15       		.byte	21
 1320 050b 01       		.byte	1
 1321 050c 16       		.byte	22
 1322 050d 02       		.byte	2
 1323 050e 17       		.byte	23
 1324 050f 08       		.byte	8
 1325 0510 19       		.byte	25
 1326 0511 03       		.byte	3
 1327 0512 1A       		.byte	26
 1328 0513 01       		.byte	1
 1329 0514 1F       		.byte	31
 1330 0515 10       		.byte	16
 1331 0516 24       		.byte	36
 1332 0517 02       		.byte	2
 1333 0518 25       		.byte	37
 1334 0519 03       		.byte	3
 1335 051a 28       		.byte	40
 1336 051b 04       		.byte	4
 1337 051c 2B       		.byte	43
 1338 051d 03       		.byte	3
 1339 051e 2E       		.byte	46
 1340 051f 02       		.byte	2
 1341 0520 2F       		.byte	47
 1342 0521 03       		.byte	3
 1343 0522 30       		.byte	48
 1344 0523 02       		.byte	2
 1345 0524 31       		.byte	49
 1346 0525 0C       		.byte	12
 1347 0526 33       		.byte	51
 1348 0527 20       		.byte	32
 1349 0528 34       		.byte	52
 1350 0529 01       		.byte	1
 1351 052a 35       		.byte	53
 1352 052b 10       		.byte	16
 1353 052c 36       		.byte	54
 1354 052d 04       		.byte	4
 1355 052e 37       		.byte	55
 1356 052f 03       		.byte	3
 1357 0530 38       		.byte	56
 1358 0531 02       		.byte	2
 1359 0532 3E       		.byte	62
 1360 0533 10       		.byte	16
 1361 0534 3F       		.byte	63
 1362 0535 11       		.byte	17
 1363 0536 40       		.byte	64
 1364 0537 65       		.byte	101
 1365 0538 41       		.byte	65
 1366 0539 02       		.byte	2
 1367 053a 42       		.byte	66
 1368 053b 04       		.byte	4
ARM GAS  C:\Users\User\AppData\Local\Temp\cc9ZjD7X.s 			page 25


 1369 053c 44       		.byte	68
 1370 053d 01       		.byte	1
 1371 053e 45       		.byte	69
 1372 053f 0C       		.byte	12
 1373 0540 46       		.byte	70
 1374 0541 0E       		.byte	14
 1375 0542 48       		.byte	72
 1376 0543 05       		.byte	5
 1377 0544 49       		.byte	73
 1378 0545 FF       		.byte	-1
 1379 0546 4A       		.byte	74
 1380 0547 FF       		.byte	-1
 1381 0548 4B       		.byte	75
 1382 0549 FF       		.byte	-1
 1383 054a 4C       		.byte	76
 1384 054b 62       		.byte	98
 1385 054c 4D       		.byte	77
 1386 054d A0       		.byte	-96
 1387 054e 4E       		.byte	78
 1388 054f F0       		.byte	-16
 1389 0550 4F       		.byte	79
 1390 0551 41       		.byte	65
 1391 0552 50       		.byte	80
 1392 0553 0C       		.byte	12
 1393 0554 54       		.byte	84
 1394 0555 18       		.byte	24
 1395 0556 56       		.byte	86
 1396 0557 04       		.byte	4
 1397 0558 58       		.byte	88
 1398 0559 04       		.byte	4
 1399 055a 59       		.byte	89
 1400 055b 04       		.byte	4
 1401 055c 5A       		.byte	90
 1402 055d 04       		.byte	4
 1403 055e 5B       		.byte	91
 1404 055f 04       		.byte	4
 1405 0560 5F       		.byte	95
 1406 0561 01       		.byte	1
 1407 0562 66       		.byte	102
 1408 0563 40       		.byte	64
 1409 0564 67       		.byte	103
 1410 0565 02       		.byte	2
 1411 0566 69       		.byte	105
 1412 0567 10       		.byte	16
 1413 0568 6A       		.byte	106
 1414 0569 30       		.byte	48
 1415 056a 6B       		.byte	107
 1416 056b 10       		.byte	16
 1417 056c 6D       		.byte	109
 1418 056d 10       		.byte	16
 1419 056e 6E       		.byte	110
 1420 056f 10       		.byte	16
 1421 0570 6F       		.byte	111
 1422 0571 12       		.byte	18
 1423 0572 C0       		.byte	-64
 1424 0573 04       		.byte	4
 1425 0574 C6       		.byte	-58
ARM GAS  C:\Users\User\AppData\Local\Temp\cc9ZjD7X.s 			page 26


 1426 0575 04       		.byte	4
 1427 0576 C9       		.byte	-55
 1428 0577 FF       		.byte	-1
 1429 0578 CA       		.byte	-54
 1430 0579 07       		.byte	7
 1431 057a CB       		.byte	-53
 1432 057b FF       		.byte	-1
 1433 057c CC       		.byte	-52
 1434 057d 40       		.byte	64
 1435 057e CD       		.byte	-51
 1436 057f 20       		.byte	32
 1437 0580 CE       		.byte	-50
 1438 0581 F0       		.byte	-16
 1439 0582 CF       		.byte	-49
 1440 0583 05       		.byte	5
 1441 0584 D0       		.byte	-48
 1442 0585 08       		.byte	8
 1443 0586 D6       		.byte	-42
 1444 0587 08       		.byte	8
 1445 0588 DA       		.byte	-38
 1446 0589 04       		.byte	4
 1447 058a DB       		.byte	-37
 1448 058b 04       		.byte	4
 1449 058c DD       		.byte	-35
 1450 058d 90       		.byte	-112
 1451 058e DF       		.byte	-33
 1452 058f 01       		.byte	1
 1453 0590 E0       		.byte	-32
 1454 0591 40       		.byte	64
 1455 0592 E1       		.byte	-31
 1456 0593 A8       		.byte	-88
 1457 0594 E2       		.byte	-30
 1458 0595 40       		.byte	64
 1459 0596 E3       		.byte	-29
 1460 0597 20       		.byte	32
 1461 0598 04       		.byte	4
 1462 0599 21       		.byte	33
 1463 059a 06       		.byte	6
 1464 059b 40       		.byte	64
 1465 059c 07       		.byte	7
 1466 059d 10       		.byte	16
 1467 059e 0C       		.byte	12
 1468 059f 04       		.byte	4
 1469 05a0 0E       		.byte	14
 1470 05a1 40       		.byte	64
 1471 05a2 0F       		.byte	15
 1472 05a3 08       		.byte	8
 1473 05a4 14       		.byte	20
 1474 05a5 10       		.byte	16
 1475 05a6 15       		.byte	21
 1476 05a7 50       		.byte	80
 1477 05a8 1E       		.byte	30
 1478 05a9 89       		.byte	-119
 1479 05aa 25       		.byte	37
 1480 05ab 20       		.byte	32
 1481 05ac 27       		.byte	39
 1482 05ad 62       		.byte	98
ARM GAS  C:\Users\User\AppData\Local\Temp\cc9ZjD7X.s 			page 27


 1483 05ae 2C       		.byte	44
 1484 05af 14       		.byte	20
 1485 05b0 2D       		.byte	45
 1486 05b1 40       		.byte	64
 1487 05b2 2F       		.byte	47
 1488 05b3 06       		.byte	6
 1489 05b4 31       		.byte	49
 1490 05b5 30       		.byte	48
 1491 05b6 34       		.byte	52
 1492 05b7 01       		.byte	1
 1493 05b8 36       		.byte	54
 1494 05b9 40       		.byte	64
 1495 05ba 37       		.byte	55
 1496 05bb 14       		.byte	20
 1497 05bc 3E       		.byte	62
 1498 05bd 04       		.byte	4
 1499 05be 3F       		.byte	63
 1500 05bf 82       		.byte	-126
 1501 05c0 40       		.byte	64
 1502 05c1 40       		.byte	64
 1503 05c2 46       		.byte	70
 1504 05c3 40       		.byte	64
 1505 05c4 47       		.byte	71
 1506 05c5 50       		.byte	80
 1507 05c6 4E       		.byte	78
 1508 05c7 01       		.byte	1
 1509 05c8 4F       		.byte	79
 1510 05c9 18       		.byte	24
 1511 05ca 50       		.byte	80
 1512 05cb A0       		.byte	-96
 1513 05cc 57       		.byte	87
 1514 05cd 40       		.byte	64
 1515 05ce 58       		.byte	88
 1516 05cf 41       		.byte	65
 1517 05d0 5A       		.byte	90
 1518 05d1 03       		.byte	3
 1519 05d2 5F       		.byte	95
 1520 05d3 02       		.byte	2
 1521 05d4 63       		.byte	99
 1522 05d5 02       		.byte	2
 1523 05d6 65       		.byte	101
 1524 05d7 11       		.byte	17
 1525 05d8 67       		.byte	103
 1526 05d9 02       		.byte	2
 1527 05da 81       		.byte	-127
 1528 05db 01       		.byte	1
 1529 05dc 82       		.byte	-126
 1530 05dd 04       		.byte	4
 1531 05de 83       		.byte	-125
 1532 05df 01       		.byte	1
 1533 05e0 90       		.byte	-112
 1534 05e1 40       		.byte	64
 1535 05e2 91       		.byte	-111
 1536 05e3 10       		.byte	16
 1537 05e4 92       		.byte	-110
 1538 05e5 04       		.byte	4
 1539 05e6 94       		.byte	-108
ARM GAS  C:\Users\User\AppData\Local\Temp\cc9ZjD7X.s 			page 28


 1540 05e7 20       		.byte	32
 1541 05e8 98       		.byte	-104
 1542 05e9 80       		.byte	-128
 1543 05ea 9B       		.byte	-101
 1544 05eb 14       		.byte	20
 1545 05ec A4       		.byte	-92
 1546 05ed A0       		.byte	-96
 1547 05ee A7       		.byte	-89
 1548 05ef 29       		.byte	41
 1549 05f0 A8       		.byte	-88
 1550 05f1 21       		.byte	33
 1551 05f2 AC       		.byte	-84
 1552 05f3 48       		.byte	72
 1553 05f4 B0       		.byte	-80
 1554 05f5 11       		.byte	17
 1555 05f6 B3       		.byte	-77
 1556 05f7 20       		.byte	32
 1557 05f8 C0       		.byte	-64
 1558 05f9 70       		.byte	112
 1559 05fa C2       		.byte	-62
 1560 05fb 70       		.byte	112
 1561 05fc C4       		.byte	-60
 1562 05fd E0       		.byte	-32
 1563 05fe CA       		.byte	-54
 1564 05ff 70       		.byte	112
 1565 0600 CC       		.byte	-52
 1566 0601 F0       		.byte	-16
 1567 0602 CE       		.byte	-50
 1568 0603 D0       		.byte	-48
 1569 0604 D0       		.byte	-48
 1570 0605 B1       		.byte	-79
 1571 0606 D2       		.byte	-46
 1572 0607 30       		.byte	48
 1573 0608 D6       		.byte	-42
 1574 0609 88       		.byte	-120
 1575 060a D8       		.byte	-40
 1576 060b B8       		.byte	-72
 1577 060c EC       		.byte	-20
 1578 060d 40       		.byte	64
 1579 060e EE       		.byte	-18
 1580 060f 20       		.byte	32
 1581 0610 E8       		.byte	-24
 1582 0611 80       		.byte	-128
 1583 0612 EC       		.byte	-20
 1584 0613 C0       		.byte	-64
 1585 0614 E2       		.byte	-30
 1586 0615 80       		.byte	-128
 1587 0616 EE       		.byte	-18
 1588 0617 08       		.byte	8
 1589 0618 12       		.byte	18
 1590 0619 20       		.byte	32
 1591 061a 13       		.byte	19
 1592 061b 80       		.byte	-128
 1593 061c 14       		.byte	20
 1594 061d 04       		.byte	4
 1595 061e 16       		.byte	22
 1596 061f 80       		.byte	-128
ARM GAS  C:\Users\User\AppData\Local\Temp\cc9ZjD7X.s 			page 29


 1597 0620 19       		.byte	25
 1598 0621 08       		.byte	8
 1599 0622 1C       		.byte	28
 1600 0623 10       		.byte	16
 1601 0624 30       		.byte	48
 1602 0625 82       		.byte	-126
 1603 0626 34       		.byte	52
 1604 0627 40       		.byte	64
 1605 0628 36       		.byte	54
 1606 0629 01       		.byte	1
 1607 062a 3A       		.byte	58
 1608 062b 80       		.byte	-128
 1609 062c 3B       		.byte	59
 1610 062d 02       		.byte	2
 1611 062e 3E       		.byte	62
 1612 062f 40       		.byte	64
 1613 0630 3F       		.byte	63
 1614 0631 02       		.byte	2
 1615 0632 40       		.byte	64
 1616 0633 02       		.byte	2
 1617 0634 53       		.byte	83
 1618 0635 01       		.byte	1
 1619 0636 58       		.byte	88
 1620 0637 40       		.byte	64
 1621 0638 C4       		.byte	-60
 1622 0639 F0       		.byte	-16
 1623 063a C6       		.byte	-58
 1624 063b 30       		.byte	48
 1625 063c CC       		.byte	-52
 1626 063d F0       		.byte	-16
 1627 063e CE       		.byte	-50
 1628 063f F0       		.byte	-16
 1629 0640 D0       		.byte	-48
 1630 0641 10       		.byte	16
 1631 0642 30       		.byte	48
 1632 0643 04       		.byte	4
 1633 0644 32       		.byte	50
 1634 0645 20       		.byte	32
 1635 0646 35       		.byte	53
 1636 0647 08       		.byte	8
 1637 0648 37       		.byte	55
 1638 0649 80       		.byte	-128
 1639 064a 38       		.byte	56
 1640 064b 10       		.byte	16
 1641 064c 39       		.byte	57
 1642 064d 04       		.byte	4
 1643 064e 3E       		.byte	62
 1644 064f 40       		.byte	64
 1645 0650 82       		.byte	-126
 1646 0651 40       		.byte	64
 1647 0652 90       		.byte	-112
 1648 0653 10       		.byte	16
 1649 0654 98       		.byte	-104
 1650 0655 04       		.byte	4
 1651 0656 99       		.byte	-103
 1652 0657 08       		.byte	8
 1653 0658 9B       		.byte	-101
ARM GAS  C:\Users\User\AppData\Local\Temp\cc9ZjD7X.s 			page 30


 1654 0659 80       		.byte	-128
 1655 065a 9C       		.byte	-100
 1656 065b 40       		.byte	64
 1657 065c A2       		.byte	-94
 1658 065d 20       		.byte	32
 1659 065e A4       		.byte	-92
 1660 065f 82       		.byte	-126
 1661 0660 A6       		.byte	-90
 1662 0661 01       		.byte	1
 1663 0662 A7       		.byte	-89
 1664 0663 01       		.byte	1
 1665 0664 A8       		.byte	-88
 1666 0665 80       		.byte	-128
 1667 0666 AA       		.byte	-86
 1668 0667 40       		.byte	64
 1669 0668 AC       		.byte	-84
 1670 0669 02       		.byte	2
 1671 066a CC       		.byte	-52
 1672 066b F0       		.byte	-16
 1673 066c CE       		.byte	-50
 1674 066d 70       		.byte	112
 1675 066e E2       		.byte	-30
 1676 066f 20       		.byte	32
 1677 0670 EE       		.byte	-18
 1678 0671 40       		.byte	64
 1679 0672 5B       		.byte	91
 1680 0673 01       		.byte	1
 1681 0674 87       		.byte	-121
 1682 0675 01       		.byte	1
 1683 0676 95       		.byte	-107
 1684 0677 04       		.byte	4
 1685 0678 9C       		.byte	-100
 1686 0679 40       		.byte	64
 1687 067a A4       		.byte	-92
 1688 067b 02       		.byte	2
 1689 067c A6       		.byte	-90
 1690 067d 01       		.byte	1
 1691 067e A7       		.byte	-89
 1692 067f 01       		.byte	1
 1693 0680 B4       		.byte	-76
 1694 0681 80       		.byte	-128
 1695 0682 D6       		.byte	-42
 1696 0683 40       		.byte	64
 1697 0684 E2       		.byte	-30
 1698 0685 40       		.byte	64
 1699 0686 1B       		.byte	27
 1700 0687 04       		.byte	4
 1701 0688 20       		.byte	32
 1702 0689 04       		.byte	4
 1703 068a 70       		.byte	112
 1704 068b 20       		.byte	32
 1705 068c 87       		.byte	-121
 1706 068d 01       		.byte	1
 1707 068e 8F       		.byte	-113
 1708 068f 04       		.byte	4
 1709 0690 95       		.byte	-107
 1710 0691 04       		.byte	4
ARM GAS  C:\Users\User\AppData\Local\Temp\cc9ZjD7X.s 			page 31


 1711 0692 9C       		.byte	-100
 1712 0693 40       		.byte	64
 1713 0694 A4       		.byte	-92
 1714 0695 02       		.byte	2
 1715 0696 A7       		.byte	-89
 1716 0697 01       		.byte	1
 1717 0698 AA       		.byte	-86
 1718 0699 01       		.byte	1
 1719 069a C6       		.byte	-58
 1720 069b 10       		.byte	16
 1721 069c C8       		.byte	-56
 1722 069d 10       		.byte	16
 1723 069e DC       		.byte	-36
 1724 069f 20       		.byte	32
 1725 06a0 E6       		.byte	-26
 1726 06a1 10       		.byte	16
 1727 06a2 EE       		.byte	-18
 1728 06a3 80       		.byte	-128
 1729 06a4 72       		.byte	114
 1730 06a5 20       		.byte	32
 1731 06a6 8E       		.byte	-114
 1732 06a7 20       		.byte	32
 1733 06a8 DC       		.byte	-36
 1734 06a9 01       		.byte	1
 1735 06aa E4       		.byte	-28
 1736 06ab 02       		.byte	2
 1737 06ac 00       		.byte	0
 1738 06ad 40       		.byte	64
 1739 06ae 12       		.byte	18
 1740 06af 20       		.byte	32
 1741 06b0 C0       		.byte	-64
 1742 06b1 02       		.byte	2
 1743 06b2 C4       		.byte	-60
 1744 06b3 08       		.byte	8
 1745 06b4 18       		.byte	24
 1746 06b5 20       		.byte	32
 1747 06b6 80       		.byte	-128
 1748 06b7 40       		.byte	64
 1749 06b8 82       		.byte	-126
 1750 06b9 20       		.byte	32
 1751 06ba 90       		.byte	-112
 1752 06bb 40       		.byte	64
 1753 06bc 94       		.byte	-108
 1754 06bd 20       		.byte	32
 1755 06be A2       		.byte	-94
 1756 06bf 20       		.byte	32
 1757 06c0 B4       		.byte	-76
 1758 06c1 10       		.byte	16
 1759 06c2 C6       		.byte	-58
 1760 06c3 08       		.byte	8
 1761 06c4 EE       		.byte	-18
 1762 06c5 02       		.byte	2
 1763 06c6 3C       		.byte	60
 1764 06c7 40       		.byte	64
 1765 06c8 3D       		.byte	61
 1766 06c9 08       		.byte	8
 1767 06ca 40       		.byte	64
ARM GAS  C:\Users\User\AppData\Local\Temp\cc9ZjD7X.s 			page 32


 1768 06cb 40       		.byte	64
 1769 06cc 8C       		.byte	-116
 1770 06cd 40       		.byte	64
 1771 06ce CE       		.byte	-50
 1772 06cf 05       		.byte	5
 1773 06d0 D0       		.byte	-48
 1774 06d1 02       		.byte	2
 1775 06d2 E0       		.byte	-32
 1776 06d3 02       		.byte	2
 1777 06d4 80       		.byte	-128
 1778 06d5 02       		.byte	2
 1779 06d6 95       		.byte	-107
 1780 06d7 04       		.byte	4
 1781 06d8 9C       		.byte	-100
 1782 06d9 40       		.byte	64
 1783 06da A4       		.byte	-92
 1784 06db 02       		.byte	2
 1785 06dc B0       		.byte	-80
 1786 06dd 20       		.byte	32
 1787 06de B4       		.byte	-76
 1788 06df 04       		.byte	4
 1789 06e0 E2       		.byte	-30
 1790 06e1 20       		.byte	32
 1791 06e2 85       		.byte	-123
 1792 06e3 04       		.byte	4
 1793 06e4 95       		.byte	-107
 1794 06e5 04       		.byte	4
 1795 06e6 AC       		.byte	-84
 1796 06e7 40       		.byte	64
 1797 06e8 E6       		.byte	-26
 1798 06e9 40       		.byte	64
 1799 06ea EE       		.byte	-18
 1800 06eb 10       		.byte	16
 1801 06ec 1F       		.byte	31
 1802 06ed 80       		.byte	-128
 1803 06ee 31       		.byte	49
 1804 06ef 40       		.byte	64
 1805 06f0 3A       		.byte	58
 1806 06f1 20       		.byte	32
 1807 06f2 99       		.byte	-103
 1808 06f3 40       		.byte	64
 1809 06f4 9A       		.byte	-102
 1810 06f5 20       		.byte	32
 1811 06f6 B1       		.byte	-79
 1812 06f7 40       		.byte	64
 1813 06f8 B2       		.byte	-78
 1814 06f9 20       		.byte	32
 1815 06fa B5       		.byte	-75
 1816 06fb 04       		.byte	4
 1817 06fc C6       		.byte	-58
 1818 06fd 01       		.byte	1
 1819 06fe CC       		.byte	-52
 1820 06ff 08       		.byte	8
 1821 0700 CE       		.byte	-50
 1822 0701 08       		.byte	8
 1823 0702 E8       		.byte	-24
 1824 0703 01       		.byte	1
ARM GAS  C:\Users\User\AppData\Local\Temp\cc9ZjD7X.s 			page 33


 1825 0704 EC       		.byte	-20
 1826 0705 03       		.byte	3
 1827 0706 10       		.byte	16
 1828 0707 40       		.byte	64
 1829 0708 88       		.byte	-120
 1830 0709 40       		.byte	64
 1831 070a AF       		.byte	-81
 1832 070b 80       		.byte	-128
 1833 070c C4       		.byte	-60
 1834 070d 08       		.byte	8
 1835 070e E2       		.byte	-30
 1836 070f 01       		.byte	1
 1837 0710 00       		.byte	0
 1838 0711 01       		.byte	1
 1839 0712 01       		.byte	1
 1840 0713 01       		.byte	1
 1841 0714 02       		.byte	2
 1842 0715 14       		.byte	20
 1843 0716 08       		.byte	8
 1844 0717 01       		.byte	1
 1845 0718 09       		.byte	9
 1846 0719 01       		.byte	1
 1847 071a 0A       		.byte	10
 1848 071b 01       		.byte	1
 1849 071c 0B       		.byte	11
 1850 071d 01       		.byte	1
 1851 071e 10       		.byte	16
 1852 071f 01       		.byte	1
 1853 0720 11       		.byte	17
 1854 0721 01       		.byte	1
 1855 0722 12       		.byte	18
 1856 0723 14       		.byte	20
 1857 0724 1A       		.byte	26
 1858 0725 01       		.byte	1
 1859 0726 1B       		.byte	27
 1860 0727 01       		.byte	1
 1861 0728 00       		.byte	0
 1862 0729 FF       		.byte	-1
 1863 072a 01       		.byte	1
 1864 072b FF       		.byte	-1
 1865 072c 02       		.byte	2
 1866 072d 0F       		.byte	15
 1867 072e 10       		.byte	16
 1868 072f AA       		.byte	-86
 1869 0730 11       		.byte	17
 1870 0731 0A       		.byte	10
 1871 0732 00       		.byte	0
 1872 0733 00       		.byte	0
 1873 0734 00       		.byte	0
 1874 0735 00       		.byte	0
 1875 0736 00       		.byte	0
 1876 0737 00       		.byte	0
 1877 0738 00       		.byte	0
 1878 0739 00       		.byte	0
 1879 073a D4       		.byte	-44
 1880 073b 00       		.byte	0
 1881 073c 80       		.byte	-128
ARM GAS  C:\Users\User\AppData\Local\Temp\cc9ZjD7X.s 			page 34


 1882 073d 00       		.byte	0
 1883 073e 40       		.byte	64
 1884 073f 80       		.byte	-128
 1885 0740 80       		.byte	-128
 1886 0741 00       		.byte	0
 1887 0742 80       		.byte	-128
 1888 0743 00       		.byte	0
 1889 0744 00       		.byte	0
 1890 0745 00       		.byte	0
 1891 0746 00       		.byte	0
 1892 0747 00       		.byte	0
 1893 0748 00       		.byte	0
 1894 0749 0C       		.byte	12
 1895 074a 0C       		.byte	12
 1896 074b 00       		.byte	0
 1897 074c 00       		.byte	0
 1898 074d 00       		.byte	0
 1899 074e 00       		.byte	0
 1900 074f 00       		.byte	0
 1901 0750 00       		.byte	0
 1902 0751 0B       		.byte	11
 1903 0752 0B       		.byte	11
 1904 0753 00       		.byte	0
 1905 0754 00       		.byte	0
 1906 0755 00       		.byte	0
 1907 0756 00       		.byte	0
 1908 0757 00       		.byte	0
 1909 0758 04       		.byte	4
 1910 0759 00       		.byte	0
 1911 075a 00       		.byte	0
 1912 075b 06       		.byte	6
 1913 075c 02       		.byte	2
 1914 075d 00       		.byte	0
 1915 075e 00       		.byte	0
 1916 075f 00       		.byte	0
 1917 0760 A9       		.byte	-87
 1918 0761 00       		.byte	0
 1919 0762 00       		.byte	0
 1920 0763 00       		.byte	0
 1921 0764 01       		.byte	1
 1922 0765 01       		.byte	1
 1923 0766 00       		.byte	0
 1924 0767 00       		.byte	0
 1925 0768 00       		.byte	0
 1926 0769 00       		.byte	0
 1927 076a 01       		.byte	1
 1928 076b 00       		.byte	0
 1929 076c 03       		.byte	3
 1930 076d 00       		.byte	0
 1931 076e 18       		.byte	24
 1932 076f 01       		.byte	1
 1933 0770 00       		.byte	0
 1934 0771 01       		.byte	1
 1935 0772 00       		.byte	0
 1936 0773 00       		.byte	0
 1937 0774 00       		.byte	0
 1938 0775 02       		.byte	2
ARM GAS  C:\Users\User\AppData\Local\Temp\cc9ZjD7X.s 			page 35


 1939 0776 00       		.byte	0
 1940 0777 00       		.byte	0
 1941 0778 00       		.byte	0
 1942 0779 03       		.byte	3
 1943 077a 00       		.byte	0
 1944 077b 00       		.byte	0
 1945 077c 00       		.byte	0
 1946 077d 04       		.byte	4
 1947 077e 00       		.byte	0
 1948 077f 00       		.byte	0
 1949 0780 00       		.byte	0
 1950 0781 05       		.byte	5
 1951 0782 00       		.byte	0
 1952 0783 00       		.byte	0
 1953              		.section	.cywolatch,"a",%progbits
 1954              		.align	2
 1955              		.type	cy_meta_wonvl, %object
 1956              		.size	cy_meta_wonvl, 4
 1957              	cy_meta_wonvl:
 1958 0000 BC       		.byte	-68
 1959 0001 90       		.byte	-112
 1960 0002 AC       		.byte	-84
 1961 0003 AF       		.byte	-81
 1962              		.section	.cycustnvl,"a",%progbits
 1963              		.align	2
 1964              		.type	cy_meta_custnvl, %object
 1965              		.size	cy_meta_custnvl, 4
 1966              	cy_meta_custnvl:
 1967 0000 00       		.byte	0
 1968 0001 00       		.byte	0
 1969 0002 40       		.byte	64
 1970 0003 05       		.byte	5
 1971              		.section	.cymeta,"a",%progbits
 1972              		.align	2
 1973              		.type	cy_metadata, %object
 1974              		.size	cy_metadata, 12
 1975              	cy_metadata:
 1976 0000 00       		.byte	0
 1977 0001 01       		.byte	1
 1978 0002 2E       		.byte	46
 1979 0003 16       		.byte	22
 1980 0004 10       		.byte	16
 1981 0005 69       		.byte	105
 1982 0006 00       		.byte	0
 1983 0007 01       		.byte	1
 1984 0008 00       		.byte	0
 1985 0009 00       		.byte	0
 1986 000a 00       		.byte	0
 1987 000b 00       		.byte	0
 1988              		.section	.cyflashprotect,"a",%progbits
 1989              		.align	2
 1990              		.type	cy_meta_flashprotect, %object
 1991              		.size	cy_meta_flashprotect, 256
 1992              	cy_meta_flashprotect:
 1993 0000 00000000 		.space	256
 1993      00000000 
 1993      00000000 
ARM GAS  C:\Users\User\AppData\Local\Temp\cc9ZjD7X.s 			page 36


 1993      00000000 
 1993      00000000 
 1994              		.text
 1995              	.Letext0:
 1996              		.file 1 "d:\\program files (x86)\\cypress\\psoc creator\\4.1\\psoc creator\\import\\gnu\\arm\\5.4.
 1997              		.file 2 "d:\\program files (x86)\\cypress\\psoc creator\\4.1\\psoc creator\\import\\gnu\\arm\\5.4.
 1998              		.file 3 "Generated_Source\\PSoC5\\cymetadata.c"
 1999              		.section	.debug_info,"",%progbits
 2000              	.Ldebug_info0:
 2001 0000 35010000 		.4byte	0x135
 2002 0004 0400     		.2byte	0x4
 2003 0006 00000000 		.4byte	.Ldebug_abbrev0
 2004 000a 04       		.byte	0x4
 2005 000b 01       		.uleb128 0x1
 2006 000c 24000000 		.4byte	.LASF17
 2007 0010 0C       		.byte	0xc
 2008 0011 AA010000 		.4byte	.LASF18
 2009 0015 7E010000 		.4byte	.LASF19
 2010 0019 00000000 		.4byte	.Ldebug_line0
 2011 001d 02       		.uleb128 0x2
 2012 001e 01       		.byte	0x1
 2013 001f 06       		.byte	0x6
 2014 0020 72010000 		.4byte	.LASF0
 2015 0024 03       		.uleb128 0x3
 2016 0025 00000000 		.4byte	.LASF9
 2017 0029 01       		.byte	0x1
 2018 002a 1D       		.byte	0x1d
 2019 002b 2F000000 		.4byte	0x2f
 2020 002f 02       		.uleb128 0x2
 2021 0030 01       		.byte	0x1
 2022 0031 08       		.byte	0x8
 2023 0032 16000000 		.4byte	.LASF1
 2024 0036 02       		.uleb128 0x2
 2025 0037 02       		.byte	0x2
 2026 0038 05       		.byte	0x5
 2027 0039 5F010000 		.4byte	.LASF2
 2028 003d 02       		.uleb128 0x2
 2029 003e 02       		.byte	0x2
 2030 003f 07       		.byte	0x7
 2031 0040 C4000000 		.4byte	.LASF3
 2032 0044 02       		.uleb128 0x2
 2033 0045 04       		.byte	0x4
 2034 0046 05       		.byte	0x5
 2035 0047 69010000 		.4byte	.LASF4
 2036 004b 02       		.uleb128 0x2
 2037 004c 04       		.byte	0x4
 2038 004d 07       		.byte	0x7
 2039 004e B2000000 		.4byte	.LASF5
 2040 0052 02       		.uleb128 0x2
 2041 0053 08       		.byte	0x8
 2042 0054 05       		.byte	0x5
 2043 0055 51010000 		.4byte	.LASF6
 2044 0059 02       		.uleb128 0x2
 2045 005a 08       		.byte	0x8
 2046 005b 07       		.byte	0x7
 2047 005c 06010000 		.4byte	.LASF7
 2048 0060 04       		.uleb128 0x4
ARM GAS  C:\Users\User\AppData\Local\Temp\cc9ZjD7X.s 			page 37


 2049 0061 04       		.byte	0x4
 2050 0062 05       		.byte	0x5
 2051 0063 696E7400 		.ascii	"int\000"
 2052 0067 02       		.uleb128 0x2
 2053 0068 04       		.byte	0x4
 2054 0069 07       		.byte	0x7
 2055 006a F9000000 		.4byte	.LASF8
 2056 006e 03       		.uleb128 0x3
 2057 006f 1D010000 		.4byte	.LASF10
 2058 0073 02       		.byte	0x2
 2059 0074 18       		.byte	0x18
 2060 0075 24000000 		.4byte	0x24
 2061 0079 05       		.uleb128 0x5
 2062 007a 91000000 		.4byte	0x91
 2063 007e 8A000000 		.4byte	0x8a
 2064 0082 06       		.uleb128 0x6
 2065 0083 8A000000 		.4byte	0x8a
 2066 0087 8307     		.2byte	0x783
 2067 0089 00       		.byte	0
 2068 008a 02       		.uleb128 0x2
 2069 008b 04       		.byte	0x4
 2070 008c 07       		.byte	0x7
 2071 008d 48010000 		.4byte	.LASF11
 2072 0091 07       		.uleb128 0x7
 2073 0092 6E000000 		.4byte	0x6e
 2074 0096 08       		.uleb128 0x8
 2075 0097 E7000000 		.4byte	.LASF12
 2076 009b 03       		.byte	0x3
 2077 009c 1F       		.byte	0x1f
 2078 009d A7000000 		.4byte	0xa7
 2079 00a1 05       		.uleb128 0x5
 2080 00a2 03       		.byte	0x3
 2081 00a3 00000000 		.4byte	cy_meta_configecc
 2082 00a7 07       		.uleb128 0x7
 2083 00a8 79000000 		.4byte	0x79
 2084 00ac 05       		.uleb128 0x5
 2085 00ad 91000000 		.4byte	0x91
 2086 00b1 BC000000 		.4byte	0xbc
 2087 00b5 09       		.uleb128 0x9
 2088 00b6 8A000000 		.4byte	0x8a
 2089 00ba 03       		.byte	0x3
 2090 00bb 00       		.byte	0
 2091 00bc 0A       		.uleb128 0xa
 2092 00bd D7000000 		.4byte	.LASF13
 2093 00c1 03       		.byte	0x3
 2094 00c2 1D01     		.2byte	0x11d
 2095 00c4 CE000000 		.4byte	0xce
 2096 00c8 05       		.uleb128 0x5
 2097 00c9 03       		.byte	0x3
 2098 00ca 00000000 		.4byte	cy_meta_custnvl
 2099 00ce 07       		.uleb128 0x7
 2100 00cf AC000000 		.4byte	0xac
 2101 00d3 0A       		.uleb128 0xa
 2102 00d4 3A010000 		.4byte	.LASF14
 2103 00d8 03       		.byte	0x3
 2104 00d9 2B01     		.2byte	0x12b
 2105 00db E5000000 		.4byte	0xe5
ARM GAS  C:\Users\User\AppData\Local\Temp\cc9ZjD7X.s 			page 38


 2106 00df 05       		.uleb128 0x5
 2107 00e0 03       		.byte	0x3
 2108 00e1 00000000 		.4byte	cy_meta_wonvl
 2109 00e5 07       		.uleb128 0x7
 2110 00e6 AC000000 		.4byte	0xac
 2111 00ea 05       		.uleb128 0x5
 2112 00eb 91000000 		.4byte	0x91
 2113 00ef FA000000 		.4byte	0xfa
 2114 00f3 09       		.uleb128 0x9
 2115 00f4 8A000000 		.4byte	0x8a
 2116 00f8 FF       		.byte	0xff
 2117 00f9 00       		.byte	0
 2118 00fa 0A       		.uleb128 0xa
 2119 00fb 25010000 		.4byte	.LASF15
 2120 00ff 03       		.byte	0x3
 2121 0100 3901     		.2byte	0x139
 2122 0102 0C010000 		.4byte	0x10c
 2123 0106 05       		.uleb128 0x5
 2124 0107 03       		.byte	0x3
 2125 0108 00000000 		.4byte	cy_meta_flashprotect
 2126 010c 07       		.uleb128 0x7
 2127 010d EA000000 		.4byte	0xea
 2128 0111 05       		.uleb128 0x5
 2129 0112 91000000 		.4byte	0x91
 2130 0116 21010000 		.4byte	0x121
 2131 011a 09       		.uleb128 0x9
 2132 011b 8A000000 		.4byte	0x8a
 2133 011f 0B       		.byte	0xb
 2134 0120 00       		.byte	0
 2135 0121 0A       		.uleb128 0xa
 2136 0122 0A000000 		.4byte	.LASF16
 2137 0126 03       		.byte	0x3
 2138 0127 6601     		.2byte	0x166
 2139 0129 33010000 		.4byte	0x133
 2140 012d 05       		.uleb128 0x5
 2141 012e 03       		.byte	0x3
 2142 012f 00000000 		.4byte	cy_metadata
 2143 0133 07       		.uleb128 0x7
 2144 0134 11010000 		.4byte	0x111
 2145 0138 00       		.byte	0
 2146              		.section	.debug_abbrev,"",%progbits
 2147              	.Ldebug_abbrev0:
 2148 0000 01       		.uleb128 0x1
 2149 0001 11       		.uleb128 0x11
 2150 0002 01       		.byte	0x1
 2151 0003 25       		.uleb128 0x25
 2152 0004 0E       		.uleb128 0xe
 2153 0005 13       		.uleb128 0x13
 2154 0006 0B       		.uleb128 0xb
 2155 0007 03       		.uleb128 0x3
 2156 0008 0E       		.uleb128 0xe
 2157 0009 1B       		.uleb128 0x1b
 2158 000a 0E       		.uleb128 0xe
 2159 000b 10       		.uleb128 0x10
 2160 000c 17       		.uleb128 0x17
 2161 000d 00       		.byte	0
 2162 000e 00       		.byte	0
ARM GAS  C:\Users\User\AppData\Local\Temp\cc9ZjD7X.s 			page 39


 2163 000f 02       		.uleb128 0x2
 2164 0010 24       		.uleb128 0x24
 2165 0011 00       		.byte	0
 2166 0012 0B       		.uleb128 0xb
 2167 0013 0B       		.uleb128 0xb
 2168 0014 3E       		.uleb128 0x3e
 2169 0015 0B       		.uleb128 0xb
 2170 0016 03       		.uleb128 0x3
 2171 0017 0E       		.uleb128 0xe
 2172 0018 00       		.byte	0
 2173 0019 00       		.byte	0
 2174 001a 03       		.uleb128 0x3
 2175 001b 16       		.uleb128 0x16
 2176 001c 00       		.byte	0
 2177 001d 03       		.uleb128 0x3
 2178 001e 0E       		.uleb128 0xe
 2179 001f 3A       		.uleb128 0x3a
 2180 0020 0B       		.uleb128 0xb
 2181 0021 3B       		.uleb128 0x3b
 2182 0022 0B       		.uleb128 0xb
 2183 0023 49       		.uleb128 0x49
 2184 0024 13       		.uleb128 0x13
 2185 0025 00       		.byte	0
 2186 0026 00       		.byte	0
 2187 0027 04       		.uleb128 0x4
 2188 0028 24       		.uleb128 0x24
 2189 0029 00       		.byte	0
 2190 002a 0B       		.uleb128 0xb
 2191 002b 0B       		.uleb128 0xb
 2192 002c 3E       		.uleb128 0x3e
 2193 002d 0B       		.uleb128 0xb
 2194 002e 03       		.uleb128 0x3
 2195 002f 08       		.uleb128 0x8
 2196 0030 00       		.byte	0
 2197 0031 00       		.byte	0
 2198 0032 05       		.uleb128 0x5
 2199 0033 01       		.uleb128 0x1
 2200 0034 01       		.byte	0x1
 2201 0035 49       		.uleb128 0x49
 2202 0036 13       		.uleb128 0x13
 2203 0037 01       		.uleb128 0x1
 2204 0038 13       		.uleb128 0x13
 2205 0039 00       		.byte	0
 2206 003a 00       		.byte	0
 2207 003b 06       		.uleb128 0x6
 2208 003c 21       		.uleb128 0x21
 2209 003d 00       		.byte	0
 2210 003e 49       		.uleb128 0x49
 2211 003f 13       		.uleb128 0x13
 2212 0040 2F       		.uleb128 0x2f
 2213 0041 05       		.uleb128 0x5
 2214 0042 00       		.byte	0
 2215 0043 00       		.byte	0
 2216 0044 07       		.uleb128 0x7
 2217 0045 26       		.uleb128 0x26
 2218 0046 00       		.byte	0
 2219 0047 49       		.uleb128 0x49
ARM GAS  C:\Users\User\AppData\Local\Temp\cc9ZjD7X.s 			page 40


 2220 0048 13       		.uleb128 0x13
 2221 0049 00       		.byte	0
 2222 004a 00       		.byte	0
 2223 004b 08       		.uleb128 0x8
 2224 004c 34       		.uleb128 0x34
 2225 004d 00       		.byte	0
 2226 004e 03       		.uleb128 0x3
 2227 004f 0E       		.uleb128 0xe
 2228 0050 3A       		.uleb128 0x3a
 2229 0051 0B       		.uleb128 0xb
 2230 0052 3B       		.uleb128 0x3b
 2231 0053 0B       		.uleb128 0xb
 2232 0054 49       		.uleb128 0x49
 2233 0055 13       		.uleb128 0x13
 2234 0056 3F       		.uleb128 0x3f
 2235 0057 19       		.uleb128 0x19
 2236 0058 02       		.uleb128 0x2
 2237 0059 18       		.uleb128 0x18
 2238 005a 00       		.byte	0
 2239 005b 00       		.byte	0
 2240 005c 09       		.uleb128 0x9
 2241 005d 21       		.uleb128 0x21
 2242 005e 00       		.byte	0
 2243 005f 49       		.uleb128 0x49
 2244 0060 13       		.uleb128 0x13
 2245 0061 2F       		.uleb128 0x2f
 2246 0062 0B       		.uleb128 0xb
 2247 0063 00       		.byte	0
 2248 0064 00       		.byte	0
 2249 0065 0A       		.uleb128 0xa
 2250 0066 34       		.uleb128 0x34
 2251 0067 00       		.byte	0
 2252 0068 03       		.uleb128 0x3
 2253 0069 0E       		.uleb128 0xe
 2254 006a 3A       		.uleb128 0x3a
 2255 006b 0B       		.uleb128 0xb
 2256 006c 3B       		.uleb128 0x3b
 2257 006d 05       		.uleb128 0x5
 2258 006e 49       		.uleb128 0x49
 2259 006f 13       		.uleb128 0x13
 2260 0070 3F       		.uleb128 0x3f
 2261 0071 19       		.uleb128 0x19
 2262 0072 02       		.uleb128 0x2
 2263 0073 18       		.uleb128 0x18
 2264 0074 00       		.byte	0
 2265 0075 00       		.byte	0
 2266 0076 00       		.byte	0
 2267              		.section	.debug_aranges,"",%progbits
 2268 0000 14000000 		.4byte	0x14
 2269 0004 0200     		.2byte	0x2
 2270 0006 00000000 		.4byte	.Ldebug_info0
 2271 000a 04       		.byte	0x4
 2272 000b 00       		.byte	0
 2273 000c 0000     		.2byte	0
 2274 000e 0000     		.2byte	0
 2275 0010 00000000 		.4byte	0
 2276 0014 00000000 		.4byte	0
ARM GAS  C:\Users\User\AppData\Local\Temp\cc9ZjD7X.s 			page 41


 2277              		.section	.debug_line,"",%progbits
 2278              	.Ldebug_line0:
 2279 0000 3D010000 		.section	.debug_str,"MS",%progbits,1
 2279      02003701 
 2279      00000201 
 2279      FB0E0D00 
 2279      01010101 
 2280              	.LASF9:
 2281 0000 5F5F7569 		.ascii	"__uint8_t\000"
 2281      6E74385F 
 2281      7400
 2282              	.LASF16:
 2283 000a 63795F6D 		.ascii	"cy_metadata\000"
 2283      65746164 
 2283      61746100 
 2284              	.LASF1:
 2285 0016 756E7369 		.ascii	"unsigned char\000"
 2285      676E6564 
 2285      20636861 
 2285      7200
 2286              	.LASF17:
 2287 0024 474E5520 		.ascii	"GNU C11 5.4.1 20160609 (release) [ARM/embedded-5-br"
 2287      43313120 
 2287      352E342E 
 2287      31203230 
 2287      31363036 
 2288 0057 616E6368 		.ascii	"anch revision 237715] -mcpu=cortex-m3 -mthumb -g -O"
 2288      20726576 
 2288      6973696F 
 2288      6E203233 
 2288      37373135 
 2289 008a 67202D66 		.ascii	"g -ffunction-sections -ffat-lto-objects\000"
 2289      66756E63 
 2289      74696F6E 
 2289      2D736563 
 2289      74696F6E 
 2290              	.LASF5:
 2291 00b2 6C6F6E67 		.ascii	"long unsigned int\000"
 2291      20756E73 
 2291      69676E65 
 2291      6420696E 
 2291      7400
 2292              	.LASF3:
 2293 00c4 73686F72 		.ascii	"short unsigned int\000"
 2293      7420756E 
 2293      7369676E 
 2293      65642069 
 2293      6E7400
 2294              	.LASF13:
 2295 00d7 63795F6D 		.ascii	"cy_meta_custnvl\000"
 2295      6574615F 
 2295      63757374 
 2295      6E766C00 
 2296              	.LASF12:
 2297 00e7 63795F6D 		.ascii	"cy_meta_configecc\000"
 2297      6574615F 
 2297      636F6E66 
ARM GAS  C:\Users\User\AppData\Local\Temp\cc9ZjD7X.s 			page 42


 2297      69676563 
 2297      6300
 2298              	.LASF8:
 2299 00f9 756E7369 		.ascii	"unsigned int\000"
 2299      676E6564 
 2299      20696E74 
 2299      00
 2300              	.LASF7:
 2301 0106 6C6F6E67 		.ascii	"long long unsigned int\000"
 2301      206C6F6E 
 2301      6720756E 
 2301      7369676E 
 2301      65642069 
 2302              	.LASF10:
 2303 011d 75696E74 		.ascii	"uint8_t\000"
 2303      385F7400 
 2304              	.LASF15:
 2305 0125 63795F6D 		.ascii	"cy_meta_flashprotect\000"
 2305      6574615F 
 2305      666C6173 
 2305      6870726F 
 2305      74656374 
 2306              	.LASF14:
 2307 013a 63795F6D 		.ascii	"cy_meta_wonvl\000"
 2307      6574615F 
 2307      776F6E76 
 2307      6C00
 2308              	.LASF11:
 2309 0148 73697A65 		.ascii	"sizetype\000"
 2309      74797065 
 2309      00
 2310              	.LASF6:
 2311 0151 6C6F6E67 		.ascii	"long long int\000"
 2311      206C6F6E 
 2311      6720696E 
 2311      7400
 2312              	.LASF2:
 2313 015f 73686F72 		.ascii	"short int\000"
 2313      7420696E 
 2313      7400
 2314              	.LASF4:
 2315 0169 6C6F6E67 		.ascii	"long int\000"
 2315      20696E74 
 2315      00
 2316              	.LASF0:
 2317 0172 7369676E 		.ascii	"signed char\000"
 2317      65642063 
 2317      68617200 
 2318              	.LASF19:
 2319 017e 443A5C56 		.ascii	"D:\\VM_share\\MCU_PSoC_FPGA\\WOTAN\\WOTAN.cydsn\000"
 2319      4D5F7368 
 2319      6172655C 
 2319      4D43555F 
 2319      50536F43 
 2320              	.LASF18:
 2321 01aa 47656E65 		.ascii	"Generated_Source\\PSoC5\\cymetadata.c\000"
 2321      72617465 
ARM GAS  C:\Users\User\AppData\Local\Temp\cc9ZjD7X.s 			page 43


 2321      645F536F 
 2321      75726365 
 2321      5C50536F 
 2322              		.ident	"GCC: (GNU Tools for ARM Embedded Processors) 5.4.1 20160609 (release) [ARM/embedded-5-bran
