ARM GAS  C:\Users\User\AppData\Local\Temp\ccnpu280.s 			page 1


   1              		.syntax unified
   2              		.cpu cortex-m3
   3              		.fpu softvfp
   4              		.eabi_attribute 20, 1
   5              		.eabi_attribute 21, 1
   6              		.eabi_attribute 23, 3
   7              		.eabi_attribute 24, 1
   8              		.eabi_attribute 25, 1
   9              		.eabi_attribute 26, 1
  10              		.eabi_attribute 30, 1
  11              		.eabi_attribute 34, 1
  12              		.eabi_attribute 18, 4
  13              		.thumb
  14              		.syntax unified
  15              		.file	"FLASH.c"
  16              		.text
  17              	.Ltext0:
  18              		.cfi_sections	.debug_frame
  19              		.section	.text.FLASH_Start,"ax",%progbits
  20              		.align	2
  21              		.global	FLASH_Start
  22              		.thumb
  23              		.thumb_func
  24              		.type	FLASH_Start, %function
  25              	FLASH_Start:
  26              	.LFB0:
  27              		.file 1 "Generated_Source\\PSoC5\\FLASH.c"
   1:Generated_Source\PSoC5/FLASH.c **** /*******************************************************************************
   2:Generated_Source\PSoC5/FLASH.c **** * File Name: FLASH.c
   3:Generated_Source\PSoC5/FLASH.c **** * Version 1.20
   4:Generated_Source\PSoC5/FLASH.c **** *
   5:Generated_Source\PSoC5/FLASH.c **** * Description:
   6:Generated_Source\PSoC5/FLASH.c **** *  This file provides the source code to API for the Emulated EEPROM Component.
   7:Generated_Source\PSoC5/FLASH.c **** *
   8:Generated_Source\PSoC5/FLASH.c **** ********************************************************************************
   9:Generated_Source\PSoC5/FLASH.c **** * Copyright 2013-2016, Cypress Semiconductor Corporation.  All rights reserved.
  10:Generated_Source\PSoC5/FLASH.c **** * You may use this file only in accordance with the license, terms, conditions,
  11:Generated_Source\PSoC5/FLASH.c **** * disclaimers, and limitations in the end user license agreement accompanying
  12:Generated_Source\PSoC5/FLASH.c **** * the software package with which this file was provided.
  13:Generated_Source\PSoC5/FLASH.c **** *******************************************************************************/
  14:Generated_Source\PSoC5/FLASH.c **** 
  15:Generated_Source\PSoC5/FLASH.c **** #include "FLASH.h"
  16:Generated_Source\PSoC5/FLASH.c **** 
  17:Generated_Source\PSoC5/FLASH.c **** 
  18:Generated_Source\PSoC5/FLASH.c **** /*******************************************************************************
  19:Generated_Source\PSoC5/FLASH.c **** * Function Name: FLASH_Start
  20:Generated_Source\PSoC5/FLASH.c **** ********************************************************************************
  21:Generated_Source\PSoC5/FLASH.c **** *
  22:Generated_Source\PSoC5/FLASH.c **** * Summary:
  23:Generated_Source\PSoC5/FLASH.c **** *  Empty function. Included for consistency with other
  24:Generated_Source\PSoC5/FLASH.c **** *  components.
  25:Generated_Source\PSoC5/FLASH.c **** *
  26:Generated_Source\PSoC5/FLASH.c **** * Parameters:
  27:Generated_Source\PSoC5/FLASH.c **** *  None
  28:Generated_Source\PSoC5/FLASH.c **** *
  29:Generated_Source\PSoC5/FLASH.c **** * Return:
  30:Generated_Source\PSoC5/FLASH.c **** *  None
ARM GAS  C:\Users\User\AppData\Local\Temp\ccnpu280.s 			page 2


  31:Generated_Source\PSoC5/FLASH.c **** *
  32:Generated_Source\PSoC5/FLASH.c **** *******************************************************************************/
  33:Generated_Source\PSoC5/FLASH.c **** void FLASH_Start(void) 
  34:Generated_Source\PSoC5/FLASH.c **** {
  28              		.loc 1 34 0
  29              		.cfi_startproc
  30              		@ args = 0, pretend = 0, frame = 0
  31              		@ frame_needed = 0, uses_anonymous_args = 0
  32              		@ link register save eliminated.
  33 0000 7047     		bx	lr
  34              		.cfi_endproc
  35              	.LFE0:
  36              		.size	FLASH_Start, .-FLASH_Start
  37 0002 00BF     		.section	.text.FLASH_Stop,"ax",%progbits
  38              		.align	2
  39              		.global	FLASH_Stop
  40              		.thumb
  41              		.thumb_func
  42              		.type	FLASH_Stop, %function
  43              	FLASH_Stop:
  44              	.LFB1:
  35:Generated_Source\PSoC5/FLASH.c **** 
  36:Generated_Source\PSoC5/FLASH.c **** }
  37:Generated_Source\PSoC5/FLASH.c **** 
  38:Generated_Source\PSoC5/FLASH.c **** 
  39:Generated_Source\PSoC5/FLASH.c **** /*******************************************************************************
  40:Generated_Source\PSoC5/FLASH.c **** * Function Name: FLASH_Stop
  41:Generated_Source\PSoC5/FLASH.c **** ********************************************************************************
  42:Generated_Source\PSoC5/FLASH.c **** *
  43:Generated_Source\PSoC5/FLASH.c **** * Summary:
  44:Generated_Source\PSoC5/FLASH.c **** *  Empty function. Included for consistency with other
  45:Generated_Source\PSoC5/FLASH.c **** *  components.
  46:Generated_Source\PSoC5/FLASH.c **** *
  47:Generated_Source\PSoC5/FLASH.c **** * Parameters:
  48:Generated_Source\PSoC5/FLASH.c **** *  None
  49:Generated_Source\PSoC5/FLASH.c **** *
  50:Generated_Source\PSoC5/FLASH.c **** * Return:
  51:Generated_Source\PSoC5/FLASH.c **** *  None
  52:Generated_Source\PSoC5/FLASH.c **** *
  53:Generated_Source\PSoC5/FLASH.c **** *******************************************************************************/
  54:Generated_Source\PSoC5/FLASH.c **** void FLASH_Stop(void) 
  55:Generated_Source\PSoC5/FLASH.c **** {
  45              		.loc 1 55 0
  46              		.cfi_startproc
  47              		@ args = 0, pretend = 0, frame = 0
  48              		@ frame_needed = 0, uses_anonymous_args = 0
  49              		@ link register save eliminated.
  50 0000 7047     		bx	lr
  51              		.cfi_endproc
  52              	.LFE1:
  53              		.size	FLASH_Stop, .-FLASH_Stop
  54 0002 00BF     		.section	.text.FLASH_Write,"ax",%progbits
  55              		.align	2
  56              		.global	FLASH_Write
  57              		.thumb
  58              		.thumb_func
  59              		.type	FLASH_Write, %function
ARM GAS  C:\Users\User\AppData\Local\Temp\ccnpu280.s 			page 3


  60              	FLASH_Write:
  61              	.LFB2:
  56:Generated_Source\PSoC5/FLASH.c **** 
  57:Generated_Source\PSoC5/FLASH.c **** }
  58:Generated_Source\PSoC5/FLASH.c **** 
  59:Generated_Source\PSoC5/FLASH.c **** 
  60:Generated_Source\PSoC5/FLASH.c **** /*******************************************************************************
  61:Generated_Source\PSoC5/FLASH.c **** * Function Name: FLASH_Write
  62:Generated_Source\PSoC5/FLASH.c **** ********************************************************************************
  63:Generated_Source\PSoC5/FLASH.c **** *
  64:Generated_Source\PSoC5/FLASH.c **** * Summary:
  65:Generated_Source\PSoC5/FLASH.c **** *  Writes the specified number of bytes from the source buffer in SRAM to the
  66:Generated_Source\PSoC5/FLASH.c **** *  emulated EEPROM array in flash, without modifying other data in flash.
  67:Generated_Source\PSoC5/FLASH.c **** *
  68:Generated_Source\PSoC5/FLASH.c **** * Parameters:
  69:Generated_Source\PSoC5/FLASH.c **** *  srcBuf:    Pointer to the SRAM buffer holding the data to write.
  70:Generated_Source\PSoC5/FLASH.c **** *  eepromPtr: Pointer to the array or variable in flash representing
  71:Generated_Source\PSoC5/FLASH.c **** *             the emulated EEPROM.
  72:Generated_Source\PSoC5/FLASH.c **** *  byteCount: Number of bytes to write from srcBuf to eepromPtr.
  73:Generated_Source\PSoC5/FLASH.c **** *
  74:Generated_Source\PSoC5/FLASH.c **** * Return:
  75:Generated_Source\PSoC5/FLASH.c **** *    CYRET_SUCCESS     Successful write.
  76:Generated_Source\PSoC5/FLASH.c **** *    CYRET_BAD_PARAM   eepromPtr is out of range of flash memory.
  77:Generated_Source\PSoC5/FLASH.c **** *    CYRET_UNKNOWN     Other error in writing flash.
  78:Generated_Source\PSoC5/FLASH.c **** *
  79:Generated_Source\PSoC5/FLASH.c **** *******************************************************************************/
  80:Generated_Source\PSoC5/FLASH.c **** #if (CY_PSOC3)
  81:Generated_Source\PSoC5/FLASH.c ****     cystatus FLASH_Write(const uint8 srcBuf[], const uint8 eepromPtr[], uint16 byteCount)
  82:Generated_Source\PSoC5/FLASH.c ****                                                                             
  83:Generated_Source\PSoC5/FLASH.c **** #else
  84:Generated_Source\PSoC5/FLASH.c ****     cystatus FLASH_Write(const uint8 srcBuf[], const uint8 eepromPtr[], uint32 byteCount)
  85:Generated_Source\PSoC5/FLASH.c **** #endif /* (!CY_PSOC3) */
  86:Generated_Source\PSoC5/FLASH.c **** {
  62              		.loc 1 86 0
  63              		.cfi_startproc
  64              		@ args = 0, pretend = 0, frame = 544
  65              		@ frame_needed = 0, uses_anonymous_args = 0
  66              	.LVL0:
  67              		.loc 1 86 0
  68 0000 2DE9F04F 		push	{r4, r5, r6, r7, r8, r9, r10, fp, lr}
  69              		.cfi_def_cfa_offset 36
  70              		.cfi_offset 4, -36
  71              		.cfi_offset 5, -32
  72              		.cfi_offset 6, -28
  73              		.cfi_offset 7, -24
  74              		.cfi_offset 8, -20
  75              		.cfi_offset 9, -16
  76              		.cfi_offset 10, -12
  77              		.cfi_offset 11, -8
  78              		.cfi_offset 14, -4
  79 0004 ADF5097D 		sub	sp, sp, #548
  80              		.cfi_def_cfa_offset 584
  81              	.LVL1:
  87:Generated_Source\PSoC5/FLASH.c ****     uint8 writeBuffer[CY_FLASH_SIZEOF_ROW];
  88:Generated_Source\PSoC5/FLASH.c ****     uint32 arrayId;
  89:Generated_Source\PSoC5/FLASH.c ****     uint32 rowId;
  90:Generated_Source\PSoC5/FLASH.c ****     uint32 dstIndex;
ARM GAS  C:\Users\User\AppData\Local\Temp\ccnpu280.s 			page 4


  91:Generated_Source\PSoC5/FLASH.c ****     uint32 srcIndex;
  92:Generated_Source\PSoC5/FLASH.c ****     cystatus rc;
  93:Generated_Source\PSoC5/FLASH.c ****     uint32 eeOffset;
  94:Generated_Source\PSoC5/FLASH.c ****     uint32 byteOffset;
  95:Generated_Source\PSoC5/FLASH.c ****     
  96:Generated_Source\PSoC5/FLASH.c ****     #if (!CY_PSOC4)
  97:Generated_Source\PSoC5/FLASH.c ****         #if (CYDEV_ECC_ENABLE == 0)
  98:Generated_Source\PSoC5/FLASH.c ****             uint8 rowBuffer[CY_FLASH_SIZEOF_ROW + CY_FLASH_SIZEOF_ECC_ROW];
  99:Generated_Source\PSoC5/FLASH.c ****         #endif /* CYDEV_ECC_ENABLE == 0) */
 100:Generated_Source\PSoC5/FLASH.c ****     #endif /* (!CY_PSOC4) */
 101:Generated_Source\PSoC5/FLASH.c **** 
 102:Generated_Source\PSoC5/FLASH.c ****     eeOffset = (uint32)eepromPtr;
 103:Generated_Source\PSoC5/FLASH.c ****     #if (CY_PSOC3)
 104:Generated_Source\PSoC5/FLASH.c ****         eeOffset &= FLASH_CODE_ADDR_MASK;
 105:Generated_Source\PSoC5/FLASH.c ****     #endif /* (CY_PSOC3) */
 106:Generated_Source\PSoC5/FLASH.c **** 
 107:Generated_Source\PSoC5/FLASH.c ****     /* Make sure, that eepromPtr[] points to ROM */
 108:Generated_Source\PSoC5/FLASH.c ****     #if (CY_PSOC3)
 109:Generated_Source\PSoC5/FLASH.c ****         if (((uint32)eepromPtr >= FLASH_CODE_ADDR_OFFSET) &&
 110:Generated_Source\PSoC5/FLASH.c ****             (((uint32)eepromPtr + byteCount) <= FLASH_CODE_ADDR_END))
 111:Generated_Source\PSoC5/FLASH.c ****     #else
 112:Generated_Source\PSoC5/FLASH.c ****         if (((uint32)eepromPtr + byteCount) <= FLASH_FLASH_END_ADDR)
  82              		.loc 1 112 0
  83 0008 8B18     		adds	r3, r1, r2
  84 000a B3F5802F 		cmp	r3, #262144
  85 000e 3ED8     		bhi	.L13
  86 0010 0E46     		mov	r6, r1
  87 0012 1746     		mov	r7, r2
  88 0014 8046     		mov	r8, r0
 113:Generated_Source\PSoC5/FLASH.c ****     #endif /* (CY_PSOC3) */
 114:Generated_Source\PSoC5/FLASH.c ****     {
 115:Generated_Source\PSoC5/FLASH.c ****         #if (!CY_PSOC4)
 116:Generated_Source\PSoC5/FLASH.c ****             (void)CySetTemp();
  89              		.loc 1 116 0
  90 0016 FFF7FEFF 		bl	CySetTemp
  91              	.LVL2:
 117:Generated_Source\PSoC5/FLASH.c **** 
 118:Generated_Source\PSoC5/FLASH.c ****             #if(CYDEV_ECC_ENABLE == 0)
 119:Generated_Source\PSoC5/FLASH.c ****                 (void)CySetFlashEEBuffer(rowBuffer);
  92              		.loc 1 119 0
  93 001a 6846     		mov	r0, sp
  94 001c FFF7FEFF 		bl	CySetFlashEEBuffer
  95              	.LVL3:
 120:Generated_Source\PSoC5/FLASH.c ****             #endif
 121:Generated_Source\PSoC5/FLASH.c ****         #endif /* (!CY_PSOC4) */
 122:Generated_Source\PSoC5/FLASH.c **** 
 123:Generated_Source\PSoC5/FLASH.c ****         arrayId = eeOffset / CY_FLASH_SIZEOF_ARRAY;
  96              		.loc 1 123 0
  97 0020 4FEA164A 		lsr	r10, r6, #16
  98              	.LVL4:
 124:Generated_Source\PSoC5/FLASH.c ****         rowId = (eeOffset / CY_FLASH_SIZEOF_ROW) % FLASH_ROWS_IN_ARRAY;
  99              		.loc 1 124 0
 100 0024 C6F30729 		ubfx	r9, r6, #8, #8
 101              	.LVL5:
 125:Generated_Source\PSoC5/FLASH.c ****         byteOffset = (CY_FLASH_SIZEOF_ARRAY * arrayId) + (CY_FLASH_SIZEOF_ROW * rowId);
 102              		.loc 1 125 0
 103 0028 09EB0A24 		add	r4, r9, r10, lsl #8
ARM GAS  C:\Users\User\AppData\Local\Temp\ccnpu280.s 			page 5


 104 002c 2402     		lsls	r4, r4, #8
 105              	.LVL6:
 126:Generated_Source\PSoC5/FLASH.c ****         srcIndex = 0u;
 127:Generated_Source\PSoC5/FLASH.c **** 
 128:Generated_Source\PSoC5/FLASH.c ****         rc = CYRET_SUCCESS;
 106              		.loc 1 128 0
 107 002e 4FF0000B 		mov	fp, #0
 126:Generated_Source\PSoC5/FLASH.c ****         srcIndex = 0u;
 108              		.loc 1 126 0
 109 0032 5D46     		mov	r5, fp
 129:Generated_Source\PSoC5/FLASH.c **** 
 130:Generated_Source\PSoC5/FLASH.c ****         while ((srcIndex < byteCount) && (CYRET_SUCCESS == rc))
 110              		.loc 1 130 0
 111 0034 23E0     		b	.L5
 112              	.LVL7:
 113              	.L8:
 131:Generated_Source\PSoC5/FLASH.c ****         {
 132:Generated_Source\PSoC5/FLASH.c ****             /* Copy data to the write buffer either from the source buffer or from the flash */
 133:Generated_Source\PSoC5/FLASH.c ****             for (dstIndex = 0u; dstIndex < CY_FLASH_SIZEOF_ROW; dstIndex++)
 134:Generated_Source\PSoC5/FLASH.c ****             {
 135:Generated_Source\PSoC5/FLASH.c ****                 if ((byteOffset >= eeOffset) && (srcIndex < byteCount))
 114              		.loc 1 135 0
 115 0036 B442     		cmp	r4, r6
 116 0038 07D3     		bcc	.L6
 117              		.loc 1 135 0 is_stmt 0 discriminator 1
 118 003a BD42     		cmp	r5, r7
 119 003c 05D2     		bcs	.L6
 136:Generated_Source\PSoC5/FLASH.c ****                 {
 137:Generated_Source\PSoC5/FLASH.c ****                     writeBuffer[dstIndex] = srcBuf[srcIndex];
 120              		.loc 1 137 0 is_stmt 1
 121 003e 18F80510 		ldrb	r1, [r8, r5]	@ zero_extendqisi2
 122 0042 48AA     		add	r2, sp, #288
 123 0044 D154     		strb	r1, [r2, r3]
 138:Generated_Source\PSoC5/FLASH.c ****                     srcIndex++;
 124              		.loc 1 138 0
 125 0046 0135     		adds	r5, r5, #1
 126              	.LVL8:
 127 0048 02E0     		b	.L7
 128              	.L6:
 139:Generated_Source\PSoC5/FLASH.c ****                 }
 140:Generated_Source\PSoC5/FLASH.c ****                 else
 141:Generated_Source\PSoC5/FLASH.c ****                 {
 142:Generated_Source\PSoC5/FLASH.c ****                     writeBuffer[dstIndex] = CY_GET_XTND_REG8(CYDEV_FLASH_BASE + byteOffset);
 129              		.loc 1 142 0
 130 004a 2178     		ldrb	r1, [r4]	@ zero_extendqisi2
 131 004c 48AA     		add	r2, sp, #288
 132 004e D154     		strb	r1, [r2, r3]
 133              	.L7:
 143:Generated_Source\PSoC5/FLASH.c ****                 }
 144:Generated_Source\PSoC5/FLASH.c ****                 byteOffset++;
 134              		.loc 1 144 0 discriminator 2
 135 0050 0134     		adds	r4, r4, #1
 136              	.LVL9:
 133:Generated_Source\PSoC5/FLASH.c ****             {
 137              		.loc 1 133 0 discriminator 2
 138 0052 0133     		adds	r3, r3, #1
 139              	.LVL10:
ARM GAS  C:\Users\User\AppData\Local\Temp\ccnpu280.s 			page 6


 140 0054 00E0     		b	.L11
 141              	.LVL11:
 142              	.L14:
 143 0056 0023     		movs	r3, #0
 144              	.L11:
 145              	.LVL12:
 133:Generated_Source\PSoC5/FLASH.c ****             {
 146              		.loc 1 133 0 is_stmt 0 discriminator 1
 147 0058 FF2B     		cmp	r3, #255
 148 005a ECD9     		bls	.L8
 145:Generated_Source\PSoC5/FLASH.c ****             }
 146:Generated_Source\PSoC5/FLASH.c **** 
 147:Generated_Source\PSoC5/FLASH.c ****             /* Write flash row */
 148:Generated_Source\PSoC5/FLASH.c ****             #if (CY_PSOC4)
 149:Generated_Source\PSoC5/FLASH.c ****                 rc = CySysFlashWriteRow(rowId, writeBuffer);
 150:Generated_Source\PSoC5/FLASH.c ****             #else
 151:Generated_Source\PSoC5/FLASH.c ****                 rc = CyWriteRowData((uint8)arrayId, (uint16)rowId, writeBuffer);
 149              		.loc 1 151 0 is_stmt 1
 150 005c 48AA     		add	r2, sp, #288
 151 005e 1FFA89F1 		uxth	r1, r9
 152 0062 5FFA8AF0 		uxtb	r0, r10
 153 0066 FFF7FEFF 		bl	CyWriteRowData
 154              	.LVL13:
 155 006a 8346     		mov	fp, r0
 156              	.LVL14:
 152:Generated_Source\PSoC5/FLASH.c ****             #endif /* (CY_PSOC4) */
 153:Generated_Source\PSoC5/FLASH.c **** 
 154:Generated_Source\PSoC5/FLASH.c ****             /* Go to the next row */
 155:Generated_Source\PSoC5/FLASH.c ****             rowId++;
 157              		.loc 1 155 0
 158 006c 09F10109 		add	r9, r9, #1
 159              	.LVL15:
 156:Generated_Source\PSoC5/FLASH.c ****             #if (CY_FLASH_NUMBER_ARRAYS > 1)
 157:Generated_Source\PSoC5/FLASH.c ****                 if (rowId >= FLASH_ROWS_IN_ARRAY)
 160              		.loc 1 157 0
 161 0070 B9F1FF0F 		cmp	r9, #255
 162 0074 03D9     		bls	.L5
 158:Generated_Source\PSoC5/FLASH.c ****                 {
 159:Generated_Source\PSoC5/FLASH.c ****                     arrayId++;
 163              		.loc 1 159 0
 164 0076 0AF1010A 		add	r10, r10, #1
 165              	.LVL16:
 160:Generated_Source\PSoC5/FLASH.c ****                     rowId = 0u;
 166              		.loc 1 160 0
 167 007a 4FF00009 		mov	r9, #0
 168              	.LVL17:
 169              	.L5:
 130:Generated_Source\PSoC5/FLASH.c ****         {
 170              		.loc 1 130 0
 171 007e BD42     		cmp	r5, r7
 172 0080 02D2     		bcs	.L10
 130:Generated_Source\PSoC5/FLASH.c ****         {
 173              		.loc 1 130 0 is_stmt 0 discriminator 1
 174 0082 BBF1000F 		cmp	fp, #0
 175 0086 E6D0     		beq	.L14
 176              	.L10:
 161:Generated_Source\PSoC5/FLASH.c ****                 }
ARM GAS  C:\Users\User\AppData\Local\Temp\ccnpu280.s 			page 7


 162:Generated_Source\PSoC5/FLASH.c ****             #endif /* (CY_FLASH_NUMBER_ARRAYS > 1) */
 163:Generated_Source\PSoC5/FLASH.c ****         }
 164:Generated_Source\PSoC5/FLASH.c **** 
 165:Generated_Source\PSoC5/FLASH.c ****         /* Flush both Cache and PHUB prefetch buffer */
 166:Generated_Source\PSoC5/FLASH.c ****         #if (CY_PSOC5)
 167:Generated_Source\PSoC5/FLASH.c ****             CyFlushCache();
 177              		.loc 1 167 0 is_stmt 1
 178 0088 FFF7FEFF 		bl	CyFlushCache
 179              	.LVL18:
 180 008c 01E0     		b	.L4
 181              	.LVL19:
 182              	.L13:
 168:Generated_Source\PSoC5/FLASH.c ****         #elif (CY_PSOC3)
 169:Generated_Source\PSoC5/FLASH.c ****             CY_FLASH_CONTROL_REG |= 6u;
 170:Generated_Source\PSoC5/FLASH.c ****         #endif /* (CY_PSOC5) */
 171:Generated_Source\PSoC5/FLASH.c ****     }
 172:Generated_Source\PSoC5/FLASH.c ****     else
 173:Generated_Source\PSoC5/FLASH.c ****     {
 174:Generated_Source\PSoC5/FLASH.c ****         rc = CYRET_BAD_PARAM;
 183              		.loc 1 174 0
 184 008e 4FF0010B 		mov	fp, #1
 185              	.LVL20:
 186              	.L4:
 175:Generated_Source\PSoC5/FLASH.c ****     }
 176:Generated_Source\PSoC5/FLASH.c **** 
 177:Generated_Source\PSoC5/FLASH.c ****     /* Mask return codes from flash, if they are not supported */
 178:Generated_Source\PSoC5/FLASH.c ****     if ((CYRET_SUCCESS != rc) && (CYRET_BAD_PARAM != rc))
 187              		.loc 1 178 0
 188 0092 BBF1010F 		cmp	fp, #1
 189 0096 01D9     		bls	.L12
 179:Generated_Source\PSoC5/FLASH.c ****     {
 180:Generated_Source\PSoC5/FLASH.c ****         rc = CYRET_UNKNOWN;
 190              		.loc 1 180 0
 191 0098 4FF0FF3B 		mov	fp, #-1
 192              	.LVL21:
 193              	.L12:
 181:Generated_Source\PSoC5/FLASH.c ****     }
 182:Generated_Source\PSoC5/FLASH.c ****     
 183:Generated_Source\PSoC5/FLASH.c ****     return (rc);
 184:Generated_Source\PSoC5/FLASH.c **** }
 194              		.loc 1 184 0
 195 009c 5846     		mov	r0, fp
 196 009e 0DF5097D 		add	sp, sp, #548
 197              		.cfi_def_cfa_offset 36
 198              		@ sp needed
 199 00a2 BDE8F08F 		pop	{r4, r5, r6, r7, r8, r9, r10, fp, pc}
 200              		.cfi_endproc
 201              	.LFE2:
 202              		.size	FLASH_Write, .-FLASH_Write
 203 00a6 00BF     		.text
 204              	.Letext0:
 205              		.file 2 "Generated_Source\\PSoC5\\cytypes.h"
 206              		.file 3 "Generated_Source\\PSoC5\\CyFlash.h"
 207              		.file 4 "Generated_Source\\PSoC5\\CyLib.h"
 208              		.section	.debug_info,"",%progbits
 209              	.Ldebug_info0:
 210 0000 5A020000 		.4byte	0x25a
ARM GAS  C:\Users\User\AppData\Local\Temp\ccnpu280.s 			page 8


 211 0004 0400     		.2byte	0x4
 212 0006 00000000 		.4byte	.Ldebug_abbrev0
 213 000a 04       		.byte	0x4
 214 000b 01       		.uleb128 0x1
 215 000c 7C000000 		.4byte	.LASF36
 216 0010 0C       		.byte	0xc
 217 0011 BF010000 		.4byte	.LASF37
 218 0015 20020000 		.4byte	.LASF38
 219 0019 00000000 		.4byte	.Ldebug_ranges0+0
 220 001d 00000000 		.4byte	0
 221 0021 00000000 		.4byte	.Ldebug_line0
 222 0025 02       		.uleb128 0x2
 223 0026 01       		.byte	0x1
 224 0027 06       		.byte	0x6
 225 0028 07020000 		.4byte	.LASF0
 226 002c 02       		.uleb128 0x2
 227 002d 01       		.byte	0x1
 228 002e 08       		.byte	0x8
 229 002f 6E000000 		.4byte	.LASF1
 230 0033 02       		.uleb128 0x2
 231 0034 02       		.byte	0x2
 232 0035 05       		.byte	0x5
 233 0036 E8010000 		.4byte	.LASF2
 234 003a 02       		.uleb128 0x2
 235 003b 02       		.byte	0x2
 236 003c 07       		.byte	0x7
 237 003d 26000000 		.4byte	.LASF3
 238 0041 02       		.uleb128 0x2
 239 0042 04       		.byte	0x4
 240 0043 05       		.byte	0x5
 241 0044 F2010000 		.4byte	.LASF4
 242 0048 02       		.uleb128 0x2
 243 0049 04       		.byte	0x4
 244 004a 07       		.byte	0x7
 245 004b 0F010000 		.4byte	.LASF5
 246 004f 02       		.uleb128 0x2
 247 0050 08       		.byte	0x8
 248 0051 05       		.byte	0x5
 249 0052 AC010000 		.4byte	.LASF6
 250 0056 02       		.uleb128 0x2
 251 0057 08       		.byte	0x8
 252 0058 07       		.byte	0x7
 253 0059 6D010000 		.4byte	.LASF7
 254 005d 03       		.uleb128 0x3
 255 005e 04       		.byte	0x4
 256 005f 05       		.byte	0x5
 257 0060 696E7400 		.ascii	"int\000"
 258 0064 02       		.uleb128 0x2
 259 0065 04       		.byte	0x4
 260 0066 07       		.byte	0x7
 261 0067 60010000 		.4byte	.LASF8
 262 006b 04       		.uleb128 0x4
 263 006c 21010000 		.4byte	.LASF9
 264 0070 02       		.byte	0x2
 265 0071 9201     		.2byte	0x192
 266 0073 2C000000 		.4byte	0x2c
 267 0077 04       		.uleb128 0x4
ARM GAS  C:\Users\User\AppData\Local\Temp\ccnpu280.s 			page 9


 268 0078 52010000 		.4byte	.LASF10
 269 007c 02       		.byte	0x2
 270 007d 9301     		.2byte	0x193
 271 007f 3A000000 		.4byte	0x3a
 272 0083 04       		.uleb128 0x4
 273 0084 59010000 		.4byte	.LASF11
 274 0088 02       		.byte	0x2
 275 0089 9401     		.2byte	0x194
 276 008b 48000000 		.4byte	0x48
 277 008f 02       		.uleb128 0x2
 278 0090 04       		.byte	0x4
 279 0091 04       		.byte	0x4
 280 0092 4D000000 		.4byte	.LASF12
 281 0096 02       		.uleb128 0x2
 282 0097 08       		.byte	0x8
 283 0098 04       		.byte	0x4
 284 0099 40010000 		.4byte	.LASF13
 285 009d 02       		.uleb128 0x2
 286 009e 01       		.byte	0x1
 287 009f 08       		.byte	0x8
 288 00a0 BA010000 		.4byte	.LASF14
 289 00a4 04       		.uleb128 0x4
 290 00a5 00000000 		.4byte	.LASF15
 291 00a9 02       		.byte	0x2
 292 00aa 3402     		.2byte	0x234
 293 00ac 48000000 		.4byte	0x48
 294 00b0 04       		.uleb128 0x4
 295 00b1 0A010000 		.4byte	.LASF16
 296 00b5 02       		.byte	0x2
 297 00b6 3C02     		.2byte	0x23c
 298 00b8 BC000000 		.4byte	0xbc
 299 00bc 05       		.uleb128 0x5
 300 00bd 6B000000 		.4byte	0x6b
 301 00c1 02       		.uleb128 0x2
 302 00c2 08       		.byte	0x8
 303 00c3 04       		.byte	0x4
 304 00c4 FB010000 		.4byte	.LASF17
 305 00c8 02       		.uleb128 0x2
 306 00c9 04       		.byte	0x4
 307 00ca 07       		.byte	0x7
 308 00cb A3010000 		.4byte	.LASF18
 309 00cf 06       		.uleb128 0x6
 310 00d0 8D010000 		.4byte	.LASF19
 311 00d4 01       		.byte	0x1
 312 00d5 21       		.byte	0x21
 313 00d6 00000000 		.4byte	.LFB0
 314 00da 02000000 		.4byte	.LFE0-.LFB0
 315 00de 01       		.uleb128 0x1
 316 00df 9C       		.byte	0x9c
 317 00e0 06       		.uleb128 0x6
 318 00e1 47010000 		.4byte	.LASF20
 319 00e5 01       		.byte	0x1
 320 00e6 36       		.byte	0x36
 321 00e7 00000000 		.4byte	.LFB1
 322 00eb 02000000 		.4byte	.LFE1-.LFB1
 323 00ef 01       		.uleb128 0x1
 324 00f0 9C       		.byte	0x9c
ARM GAS  C:\Users\User\AppData\Local\Temp\ccnpu280.s 			page 10


 325 00f1 07       		.uleb128 0x7
 326 00f2 4C020000 		.4byte	.LASF39
 327 00f6 01       		.byte	0x1
 328 00f7 54       		.byte	0x54
 329 00f8 A4000000 		.4byte	0xa4
 330 00fc 00000000 		.4byte	.LFB2
 331 0100 A6000000 		.4byte	.LFE2-.LFB2
 332 0104 01       		.uleb128 0x1
 333 0105 9C       		.byte	0x9c
 334 0106 05020000 		.4byte	0x205
 335 010a 08       		.uleb128 0x8
 336 010b 1F000000 		.4byte	.LASF21
 337 010f 01       		.byte	0x1
 338 0110 54       		.byte	0x54
 339 0111 05020000 		.4byte	0x205
 340 0115 00000000 		.4byte	.LLST0
 341 0119 08       		.uleb128 0x8
 342 011a DE010000 		.4byte	.LASF22
 343 011e 01       		.byte	0x1
 344 011f 54       		.byte	0x54
 345 0120 05020000 		.4byte	0x205
 346 0124 37000000 		.4byte	.LLST1
 347 0128 08       		.uleb128 0x8
 348 0129 2D010000 		.4byte	.LASF23
 349 012d 01       		.byte	0x1
 350 012e 54       		.byte	0x54
 351 012f 83000000 		.4byte	0x83
 352 0133 6E000000 		.4byte	.LLST2
 353 0137 09       		.uleb128 0x9
 354 0138 13000000 		.4byte	.LASF24
 355 013c 01       		.byte	0x1
 356 013d 57       		.byte	0x57
 357 013e 10020000 		.4byte	0x210
 358 0142 03       		.uleb128 0x3
 359 0143 91       		.byte	0x91
 360 0144 D87D     		.sleb128 -296
 361 0146 0A       		.uleb128 0xa
 362 0147 53000000 		.4byte	.LASF25
 363 014b 01       		.byte	0x1
 364 014c 58       		.byte	0x58
 365 014d 83000000 		.4byte	0x83
 366 0151 A5000000 		.4byte	.LLST3
 367 0155 0A       		.uleb128 0xa
 368 0156 27010000 		.4byte	.LASF26
 369 015a 01       		.byte	0x1
 370 015b 59       		.byte	0x59
 371 015c 83000000 		.4byte	0x83
 372 0160 B8000000 		.4byte	.LLST4
 373 0164 0A       		.uleb128 0xa
 374 0165 37010000 		.4byte	.LASF27
 375 0169 01       		.byte	0x1
 376 016a 5A       		.byte	0x5a
 377 016b 83000000 		.4byte	0x83
 378 016f E2000000 		.4byte	.LLST5
 379 0173 0A       		.uleb128 0xa
 380 0174 39000000 		.4byte	.LASF28
 381 0178 01       		.byte	0x1
ARM GAS  C:\Users\User\AppData\Local\Temp\ccnpu280.s 			page 11


 382 0179 5B       		.byte	0x5b
 383 017a 83000000 		.4byte	0x83
 384 017e 00010000 		.4byte	.LLST6
 385 0182 0B       		.uleb128 0xb
 386 0183 726300   		.ascii	"rc\000"
 387 0186 01       		.byte	0x1
 388 0187 5C       		.byte	0x5c
 389 0188 A4000000 		.4byte	0xa4
 390 018c 1F010000 		.4byte	.LLST7
 391 0190 0A       		.uleb128 0xa
 392 0191 84010000 		.4byte	.LASF29
 393 0195 01       		.byte	0x1
 394 0196 5D       		.byte	0x5d
 395 0197 83000000 		.4byte	0x83
 396 019b 5F010000 		.4byte	.LLST8
 397 019f 0A       		.uleb128 0xa
 398 01a0 42000000 		.4byte	.LASF30
 399 01a4 01       		.byte	0x1
 400 01a5 5E       		.byte	0x5e
 401 01a6 83000000 		.4byte	0x83
 402 01aa 96010000 		.4byte	.LLST9
 403 01ae 09       		.uleb128 0x9
 404 01af 09000000 		.4byte	.LASF31
 405 01b3 01       		.byte	0x1
 406 01b4 62       		.byte	0x62
 407 01b5 20020000 		.4byte	0x220
 408 01b9 03       		.uleb128 0x3
 409 01ba 91       		.byte	0x91
 410 01bb B87B     		.sleb128 -584
 411 01bd 0C       		.uleb128 0xc
 412 01be 1A000000 		.4byte	.LVL2
 413 01c2 31020000 		.4byte	0x231
 414 01c6 0D       		.uleb128 0xd
 415 01c7 20000000 		.4byte	.LVL3
 416 01cb 3C020000 		.4byte	0x23c
 417 01cf DA010000 		.4byte	0x1da
 418 01d3 0E       		.uleb128 0xe
 419 01d4 01       		.uleb128 0x1
 420 01d5 50       		.byte	0x50
 421 01d6 02       		.uleb128 0x2
 422 01d7 7D       		.byte	0x7d
 423 01d8 00       		.sleb128 0
 424 01d9 00       		.byte	0
 425 01da 0D       		.uleb128 0xd
 426 01db 6A000000 		.4byte	.LVL13
 427 01df 47020000 		.4byte	0x247
 428 01e3 FB010000 		.4byte	0x1fb
 429 01e7 0E       		.uleb128 0xe
 430 01e8 01       		.uleb128 0x1
 431 01e9 50       		.byte	0x50
 432 01ea 02       		.uleb128 0x2
 433 01eb 7A       		.byte	0x7a
 434 01ec 00       		.sleb128 0
 435 01ed 0E       		.uleb128 0xe
 436 01ee 01       		.uleb128 0x1
 437 01ef 51       		.byte	0x51
 438 01f0 02       		.uleb128 0x2
ARM GAS  C:\Users\User\AppData\Local\Temp\ccnpu280.s 			page 12


 439 01f1 79       		.byte	0x79
 440 01f2 00       		.sleb128 0
 441 01f3 0E       		.uleb128 0xe
 442 01f4 01       		.uleb128 0x1
 443 01f5 52       		.byte	0x52
 444 01f6 03       		.uleb128 0x3
 445 01f7 91       		.byte	0x91
 446 01f8 D87D     		.sleb128 -296
 447 01fa 00       		.byte	0
 448 01fb 0C       		.uleb128 0xc
 449 01fc 8C000000 		.4byte	.LVL18
 450 0200 52020000 		.4byte	0x252
 451 0204 00       		.byte	0
 452 0205 0F       		.uleb128 0xf
 453 0206 04       		.byte	0x4
 454 0207 0B020000 		.4byte	0x20b
 455 020b 10       		.uleb128 0x10
 456 020c 6B000000 		.4byte	0x6b
 457 0210 11       		.uleb128 0x11
 458 0211 6B000000 		.4byte	0x6b
 459 0215 20020000 		.4byte	0x220
 460 0219 12       		.uleb128 0x12
 461 021a C8000000 		.4byte	0xc8
 462 021e FF       		.byte	0xff
 463 021f 00       		.byte	0
 464 0220 11       		.uleb128 0x11
 465 0221 6B000000 		.4byte	0x6b
 466 0225 31020000 		.4byte	0x231
 467 0229 13       		.uleb128 0x13
 468 022a C8000000 		.4byte	0xc8
 469 022e 1F01     		.2byte	0x11f
 470 0230 00       		.byte	0
 471 0231 14       		.uleb128 0x14
 472 0232 99010000 		.4byte	.LASF32
 473 0236 99010000 		.4byte	.LASF32
 474 023a 03       		.byte	0x3
 475 023b 45       		.byte	0x45
 476 023c 14       		.uleb128 0x14
 477 023d 5B000000 		.4byte	.LASF33
 478 0241 5B000000 		.4byte	.LASF33
 479 0245 03       		.byte	0x3
 480 0246 46       		.byte	0x46
 481 0247 14       		.uleb128 0x14
 482 0248 58020000 		.4byte	.LASF34
 483 024c 58020000 		.4byte	.LASF34
 484 0250 03       		.byte	0x3
 485 0251 49       		.byte	0x49
 486 0252 14       		.uleb128 0x14
 487 0253 13020000 		.4byte	.LASF35
 488 0257 13020000 		.4byte	.LASF35
 489 025b 04       		.byte	0x4
 490 025c 95       		.byte	0x95
 491 025d 00       		.byte	0
 492              		.section	.debug_abbrev,"",%progbits
 493              	.Ldebug_abbrev0:
 494 0000 01       		.uleb128 0x1
 495 0001 11       		.uleb128 0x11
ARM GAS  C:\Users\User\AppData\Local\Temp\ccnpu280.s 			page 13


 496 0002 01       		.byte	0x1
 497 0003 25       		.uleb128 0x25
 498 0004 0E       		.uleb128 0xe
 499 0005 13       		.uleb128 0x13
 500 0006 0B       		.uleb128 0xb
 501 0007 03       		.uleb128 0x3
 502 0008 0E       		.uleb128 0xe
 503 0009 1B       		.uleb128 0x1b
 504 000a 0E       		.uleb128 0xe
 505 000b 55       		.uleb128 0x55
 506 000c 17       		.uleb128 0x17
 507 000d 11       		.uleb128 0x11
 508 000e 01       		.uleb128 0x1
 509 000f 10       		.uleb128 0x10
 510 0010 17       		.uleb128 0x17
 511 0011 00       		.byte	0
 512 0012 00       		.byte	0
 513 0013 02       		.uleb128 0x2
 514 0014 24       		.uleb128 0x24
 515 0015 00       		.byte	0
 516 0016 0B       		.uleb128 0xb
 517 0017 0B       		.uleb128 0xb
 518 0018 3E       		.uleb128 0x3e
 519 0019 0B       		.uleb128 0xb
 520 001a 03       		.uleb128 0x3
 521 001b 0E       		.uleb128 0xe
 522 001c 00       		.byte	0
 523 001d 00       		.byte	0
 524 001e 03       		.uleb128 0x3
 525 001f 24       		.uleb128 0x24
 526 0020 00       		.byte	0
 527 0021 0B       		.uleb128 0xb
 528 0022 0B       		.uleb128 0xb
 529 0023 3E       		.uleb128 0x3e
 530 0024 0B       		.uleb128 0xb
 531 0025 03       		.uleb128 0x3
 532 0026 08       		.uleb128 0x8
 533 0027 00       		.byte	0
 534 0028 00       		.byte	0
 535 0029 04       		.uleb128 0x4
 536 002a 16       		.uleb128 0x16
 537 002b 00       		.byte	0
 538 002c 03       		.uleb128 0x3
 539 002d 0E       		.uleb128 0xe
 540 002e 3A       		.uleb128 0x3a
 541 002f 0B       		.uleb128 0xb
 542 0030 3B       		.uleb128 0x3b
 543 0031 05       		.uleb128 0x5
 544 0032 49       		.uleb128 0x49
 545 0033 13       		.uleb128 0x13
 546 0034 00       		.byte	0
 547 0035 00       		.byte	0
 548 0036 05       		.uleb128 0x5
 549 0037 35       		.uleb128 0x35
 550 0038 00       		.byte	0
 551 0039 49       		.uleb128 0x49
 552 003a 13       		.uleb128 0x13
ARM GAS  C:\Users\User\AppData\Local\Temp\ccnpu280.s 			page 14


 553 003b 00       		.byte	0
 554 003c 00       		.byte	0
 555 003d 06       		.uleb128 0x6
 556 003e 2E       		.uleb128 0x2e
 557 003f 00       		.byte	0
 558 0040 3F       		.uleb128 0x3f
 559 0041 19       		.uleb128 0x19
 560 0042 03       		.uleb128 0x3
 561 0043 0E       		.uleb128 0xe
 562 0044 3A       		.uleb128 0x3a
 563 0045 0B       		.uleb128 0xb
 564 0046 3B       		.uleb128 0x3b
 565 0047 0B       		.uleb128 0xb
 566 0048 27       		.uleb128 0x27
 567 0049 19       		.uleb128 0x19
 568 004a 11       		.uleb128 0x11
 569 004b 01       		.uleb128 0x1
 570 004c 12       		.uleb128 0x12
 571 004d 06       		.uleb128 0x6
 572 004e 40       		.uleb128 0x40
 573 004f 18       		.uleb128 0x18
 574 0050 9742     		.uleb128 0x2117
 575 0052 19       		.uleb128 0x19
 576 0053 00       		.byte	0
 577 0054 00       		.byte	0
 578 0055 07       		.uleb128 0x7
 579 0056 2E       		.uleb128 0x2e
 580 0057 01       		.byte	0x1
 581 0058 3F       		.uleb128 0x3f
 582 0059 19       		.uleb128 0x19
 583 005a 03       		.uleb128 0x3
 584 005b 0E       		.uleb128 0xe
 585 005c 3A       		.uleb128 0x3a
 586 005d 0B       		.uleb128 0xb
 587 005e 3B       		.uleb128 0x3b
 588 005f 0B       		.uleb128 0xb
 589 0060 27       		.uleb128 0x27
 590 0061 19       		.uleb128 0x19
 591 0062 49       		.uleb128 0x49
 592 0063 13       		.uleb128 0x13
 593 0064 11       		.uleb128 0x11
 594 0065 01       		.uleb128 0x1
 595 0066 12       		.uleb128 0x12
 596 0067 06       		.uleb128 0x6
 597 0068 40       		.uleb128 0x40
 598 0069 18       		.uleb128 0x18
 599 006a 9742     		.uleb128 0x2117
 600 006c 19       		.uleb128 0x19
 601 006d 01       		.uleb128 0x1
 602 006e 13       		.uleb128 0x13
 603 006f 00       		.byte	0
 604 0070 00       		.byte	0
 605 0071 08       		.uleb128 0x8
 606 0072 05       		.uleb128 0x5
 607 0073 00       		.byte	0
 608 0074 03       		.uleb128 0x3
 609 0075 0E       		.uleb128 0xe
ARM GAS  C:\Users\User\AppData\Local\Temp\ccnpu280.s 			page 15


 610 0076 3A       		.uleb128 0x3a
 611 0077 0B       		.uleb128 0xb
 612 0078 3B       		.uleb128 0x3b
 613 0079 0B       		.uleb128 0xb
 614 007a 49       		.uleb128 0x49
 615 007b 13       		.uleb128 0x13
 616 007c 02       		.uleb128 0x2
 617 007d 17       		.uleb128 0x17
 618 007e 00       		.byte	0
 619 007f 00       		.byte	0
 620 0080 09       		.uleb128 0x9
 621 0081 34       		.uleb128 0x34
 622 0082 00       		.byte	0
 623 0083 03       		.uleb128 0x3
 624 0084 0E       		.uleb128 0xe
 625 0085 3A       		.uleb128 0x3a
 626 0086 0B       		.uleb128 0xb
 627 0087 3B       		.uleb128 0x3b
 628 0088 0B       		.uleb128 0xb
 629 0089 49       		.uleb128 0x49
 630 008a 13       		.uleb128 0x13
 631 008b 02       		.uleb128 0x2
 632 008c 18       		.uleb128 0x18
 633 008d 00       		.byte	0
 634 008e 00       		.byte	0
 635 008f 0A       		.uleb128 0xa
 636 0090 34       		.uleb128 0x34
 637 0091 00       		.byte	0
 638 0092 03       		.uleb128 0x3
 639 0093 0E       		.uleb128 0xe
 640 0094 3A       		.uleb128 0x3a
 641 0095 0B       		.uleb128 0xb
 642 0096 3B       		.uleb128 0x3b
 643 0097 0B       		.uleb128 0xb
 644 0098 49       		.uleb128 0x49
 645 0099 13       		.uleb128 0x13
 646 009a 02       		.uleb128 0x2
 647 009b 17       		.uleb128 0x17
 648 009c 00       		.byte	0
 649 009d 00       		.byte	0
 650 009e 0B       		.uleb128 0xb
 651 009f 34       		.uleb128 0x34
 652 00a0 00       		.byte	0
 653 00a1 03       		.uleb128 0x3
 654 00a2 08       		.uleb128 0x8
 655 00a3 3A       		.uleb128 0x3a
 656 00a4 0B       		.uleb128 0xb
 657 00a5 3B       		.uleb128 0x3b
 658 00a6 0B       		.uleb128 0xb
 659 00a7 49       		.uleb128 0x49
 660 00a8 13       		.uleb128 0x13
 661 00a9 02       		.uleb128 0x2
 662 00aa 17       		.uleb128 0x17
 663 00ab 00       		.byte	0
 664 00ac 00       		.byte	0
 665 00ad 0C       		.uleb128 0xc
 666 00ae 898201   		.uleb128 0x4109
ARM GAS  C:\Users\User\AppData\Local\Temp\ccnpu280.s 			page 16


 667 00b1 00       		.byte	0
 668 00b2 11       		.uleb128 0x11
 669 00b3 01       		.uleb128 0x1
 670 00b4 31       		.uleb128 0x31
 671 00b5 13       		.uleb128 0x13
 672 00b6 00       		.byte	0
 673 00b7 00       		.byte	0
 674 00b8 0D       		.uleb128 0xd
 675 00b9 898201   		.uleb128 0x4109
 676 00bc 01       		.byte	0x1
 677 00bd 11       		.uleb128 0x11
 678 00be 01       		.uleb128 0x1
 679 00bf 31       		.uleb128 0x31
 680 00c0 13       		.uleb128 0x13
 681 00c1 01       		.uleb128 0x1
 682 00c2 13       		.uleb128 0x13
 683 00c3 00       		.byte	0
 684 00c4 00       		.byte	0
 685 00c5 0E       		.uleb128 0xe
 686 00c6 8A8201   		.uleb128 0x410a
 687 00c9 00       		.byte	0
 688 00ca 02       		.uleb128 0x2
 689 00cb 18       		.uleb128 0x18
 690 00cc 9142     		.uleb128 0x2111
 691 00ce 18       		.uleb128 0x18
 692 00cf 00       		.byte	0
 693 00d0 00       		.byte	0
 694 00d1 0F       		.uleb128 0xf
 695 00d2 0F       		.uleb128 0xf
 696 00d3 00       		.byte	0
 697 00d4 0B       		.uleb128 0xb
 698 00d5 0B       		.uleb128 0xb
 699 00d6 49       		.uleb128 0x49
 700 00d7 13       		.uleb128 0x13
 701 00d8 00       		.byte	0
 702 00d9 00       		.byte	0
 703 00da 10       		.uleb128 0x10
 704 00db 26       		.uleb128 0x26
 705 00dc 00       		.byte	0
 706 00dd 49       		.uleb128 0x49
 707 00de 13       		.uleb128 0x13
 708 00df 00       		.byte	0
 709 00e0 00       		.byte	0
 710 00e1 11       		.uleb128 0x11
 711 00e2 01       		.uleb128 0x1
 712 00e3 01       		.byte	0x1
 713 00e4 49       		.uleb128 0x49
 714 00e5 13       		.uleb128 0x13
 715 00e6 01       		.uleb128 0x1
 716 00e7 13       		.uleb128 0x13
 717 00e8 00       		.byte	0
 718 00e9 00       		.byte	0
 719 00ea 12       		.uleb128 0x12
 720 00eb 21       		.uleb128 0x21
 721 00ec 00       		.byte	0
 722 00ed 49       		.uleb128 0x49
 723 00ee 13       		.uleb128 0x13
ARM GAS  C:\Users\User\AppData\Local\Temp\ccnpu280.s 			page 17


 724 00ef 2F       		.uleb128 0x2f
 725 00f0 0B       		.uleb128 0xb
 726 00f1 00       		.byte	0
 727 00f2 00       		.byte	0
 728 00f3 13       		.uleb128 0x13
 729 00f4 21       		.uleb128 0x21
 730 00f5 00       		.byte	0
 731 00f6 49       		.uleb128 0x49
 732 00f7 13       		.uleb128 0x13
 733 00f8 2F       		.uleb128 0x2f
 734 00f9 05       		.uleb128 0x5
 735 00fa 00       		.byte	0
 736 00fb 00       		.byte	0
 737 00fc 14       		.uleb128 0x14
 738 00fd 2E       		.uleb128 0x2e
 739 00fe 00       		.byte	0
 740 00ff 3F       		.uleb128 0x3f
 741 0100 19       		.uleb128 0x19
 742 0101 3C       		.uleb128 0x3c
 743 0102 19       		.uleb128 0x19
 744 0103 6E       		.uleb128 0x6e
 745 0104 0E       		.uleb128 0xe
 746 0105 03       		.uleb128 0x3
 747 0106 0E       		.uleb128 0xe
 748 0107 3A       		.uleb128 0x3a
 749 0108 0B       		.uleb128 0xb
 750 0109 3B       		.uleb128 0x3b
 751 010a 0B       		.uleb128 0xb
 752 010b 00       		.byte	0
 753 010c 00       		.byte	0
 754 010d 00       		.byte	0
 755              		.section	.debug_loc,"",%progbits
 756              	.Ldebug_loc0:
 757              	.LLST0:
 758 0000 00000000 		.4byte	.LVL0
 759 0004 19000000 		.4byte	.LVL2-1
 760 0008 0100     		.2byte	0x1
 761 000a 50       		.byte	0x50
 762 000b 19000000 		.4byte	.LVL2-1
 763 000f 8E000000 		.4byte	.LVL19
 764 0013 0100     		.2byte	0x1
 765 0015 58       		.byte	0x58
 766 0016 8E000000 		.4byte	.LVL19
 767 001a 92000000 		.4byte	.LVL20
 768 001e 0100     		.2byte	0x1
 769 0020 50       		.byte	0x50
 770 0021 92000000 		.4byte	.LVL20
 771 0025 A6000000 		.4byte	.LFE2
 772 0029 0400     		.2byte	0x4
 773 002b F3       		.byte	0xf3
 774 002c 01       		.uleb128 0x1
 775 002d 50       		.byte	0x50
 776 002e 9F       		.byte	0x9f
 777 002f 00000000 		.4byte	0
 778 0033 00000000 		.4byte	0
 779              	.LLST1:
 780 0037 00000000 		.4byte	.LVL0
ARM GAS  C:\Users\User\AppData\Local\Temp\ccnpu280.s 			page 18


 781 003b 19000000 		.4byte	.LVL2-1
 782 003f 0100     		.2byte	0x1
 783 0041 51       		.byte	0x51
 784 0042 19000000 		.4byte	.LVL2-1
 785 0046 8E000000 		.4byte	.LVL19
 786 004a 0100     		.2byte	0x1
 787 004c 56       		.byte	0x56
 788 004d 8E000000 		.4byte	.LVL19
 789 0051 92000000 		.4byte	.LVL20
 790 0055 0100     		.2byte	0x1
 791 0057 51       		.byte	0x51
 792 0058 92000000 		.4byte	.LVL20
 793 005c A6000000 		.4byte	.LFE2
 794 0060 0400     		.2byte	0x4
 795 0062 F3       		.byte	0xf3
 796 0063 01       		.uleb128 0x1
 797 0064 51       		.byte	0x51
 798 0065 9F       		.byte	0x9f
 799 0066 00000000 		.4byte	0
 800 006a 00000000 		.4byte	0
 801              	.LLST2:
 802 006e 00000000 		.4byte	.LVL0
 803 0072 19000000 		.4byte	.LVL2-1
 804 0076 0100     		.2byte	0x1
 805 0078 52       		.byte	0x52
 806 0079 19000000 		.4byte	.LVL2-1
 807 007d 8E000000 		.4byte	.LVL19
 808 0081 0100     		.2byte	0x1
 809 0083 57       		.byte	0x57
 810 0084 8E000000 		.4byte	.LVL19
 811 0088 92000000 		.4byte	.LVL20
 812 008c 0100     		.2byte	0x1
 813 008e 52       		.byte	0x52
 814 008f 92000000 		.4byte	.LVL20
 815 0093 A6000000 		.4byte	.LFE2
 816 0097 0400     		.2byte	0x4
 817 0099 F3       		.byte	0xf3
 818 009a 01       		.uleb128 0x1
 819 009b 52       		.byte	0x52
 820 009c 9F       		.byte	0x9f
 821 009d 00000000 		.4byte	0
 822 00a1 00000000 		.4byte	0
 823              	.LLST3:
 824 00a5 24000000 		.4byte	.LVL4
 825 00a9 8E000000 		.4byte	.LVL19
 826 00ad 0100     		.2byte	0x1
 827 00af 5A       		.byte	0x5a
 828 00b0 00000000 		.4byte	0
 829 00b4 00000000 		.4byte	0
 830              	.LLST4:
 831 00b8 28000000 		.4byte	.LVL5
 832 00bc 7A000000 		.4byte	.LVL16
 833 00c0 0100     		.2byte	0x1
 834 00c2 59       		.byte	0x59
 835 00c3 7A000000 		.4byte	.LVL16
 836 00c7 7E000000 		.4byte	.LVL17
 837 00cb 0200     		.2byte	0x2
ARM GAS  C:\Users\User\AppData\Local\Temp\ccnpu280.s 			page 19


 838 00cd 30       		.byte	0x30
 839 00ce 9F       		.byte	0x9f
 840 00cf 7E000000 		.4byte	.LVL17
 841 00d3 8E000000 		.4byte	.LVL19
 842 00d7 0100     		.2byte	0x1
 843 00d9 59       		.byte	0x59
 844 00da 00000000 		.4byte	0
 845 00de 00000000 		.4byte	0
 846              	.LLST5:
 847 00e2 36000000 		.4byte	.LVL7
 848 00e6 56000000 		.4byte	.LVL11
 849 00ea 0100     		.2byte	0x1
 850 00ec 53       		.byte	0x53
 851 00ed 58000000 		.4byte	.LVL12
 852 00f1 69000000 		.4byte	.LVL13-1
 853 00f5 0100     		.2byte	0x1
 854 00f7 53       		.byte	0x53
 855 00f8 00000000 		.4byte	0
 856 00fc 00000000 		.4byte	0
 857              	.LLST6:
 858 0100 2E000000 		.4byte	.LVL6
 859 0104 36000000 		.4byte	.LVL7
 860 0108 0200     		.2byte	0x2
 861 010a 30       		.byte	0x30
 862 010b 9F       		.byte	0x9f
 863 010c 36000000 		.4byte	.LVL7
 864 0110 8E000000 		.4byte	.LVL19
 865 0114 0100     		.2byte	0x1
 866 0116 55       		.byte	0x55
 867 0117 00000000 		.4byte	0
 868 011b 00000000 		.4byte	0
 869              	.LLST7:
 870 011f 2E000000 		.4byte	.LVL6
 871 0123 36000000 		.4byte	.LVL7
 872 0127 0200     		.2byte	0x2
 873 0129 30       		.byte	0x30
 874 012a 9F       		.byte	0x9f
 875 012b 36000000 		.4byte	.LVL7
 876 012f 6C000000 		.4byte	.LVL14
 877 0133 0100     		.2byte	0x1
 878 0135 5B       		.byte	0x5b
 879 0136 6C000000 		.4byte	.LVL14
 880 013a 7E000000 		.4byte	.LVL17
 881 013e 0100     		.2byte	0x1
 882 0140 50       		.byte	0x50
 883 0141 7E000000 		.4byte	.LVL17
 884 0145 8E000000 		.4byte	.LVL19
 885 0149 0100     		.2byte	0x1
 886 014b 5B       		.byte	0x5b
 887 014c 92000000 		.4byte	.LVL20
 888 0150 A6000000 		.4byte	.LFE2
 889 0154 0100     		.2byte	0x1
 890 0156 5B       		.byte	0x5b
 891 0157 00000000 		.4byte	0
 892 015b 00000000 		.4byte	0
 893              	.LLST8:
 894 015f 08000000 		.4byte	.LVL1
ARM GAS  C:\Users\User\AppData\Local\Temp\ccnpu280.s 			page 20


 895 0163 19000000 		.4byte	.LVL2-1
 896 0167 0100     		.2byte	0x1
 897 0169 51       		.byte	0x51
 898 016a 19000000 		.4byte	.LVL2-1
 899 016e 8E000000 		.4byte	.LVL19
 900 0172 0100     		.2byte	0x1
 901 0174 56       		.byte	0x56
 902 0175 8E000000 		.4byte	.LVL19
 903 0179 92000000 		.4byte	.LVL20
 904 017d 0100     		.2byte	0x1
 905 017f 51       		.byte	0x51
 906 0180 92000000 		.4byte	.LVL20
 907 0184 A6000000 		.4byte	.LFE2
 908 0188 0400     		.2byte	0x4
 909 018a F3       		.byte	0xf3
 910 018b 01       		.uleb128 0x1
 911 018c 51       		.byte	0x51
 912 018d 9F       		.byte	0x9f
 913 018e 00000000 		.4byte	0
 914 0192 00000000 		.4byte	0
 915              	.LLST9:
 916 0196 2E000000 		.4byte	.LVL6
 917 019a 8E000000 		.4byte	.LVL19
 918 019e 0100     		.2byte	0x1
 919 01a0 54       		.byte	0x54
 920 01a1 00000000 		.4byte	0
 921 01a5 00000000 		.4byte	0
 922              		.section	.debug_aranges,"",%progbits
 923 0000 2C000000 		.4byte	0x2c
 924 0004 0200     		.2byte	0x2
 925 0006 00000000 		.4byte	.Ldebug_info0
 926 000a 04       		.byte	0x4
 927 000b 00       		.byte	0
 928 000c 0000     		.2byte	0
 929 000e 0000     		.2byte	0
 930 0010 00000000 		.4byte	.LFB0
 931 0014 02000000 		.4byte	.LFE0-.LFB0
 932 0018 00000000 		.4byte	.LFB1
 933 001c 02000000 		.4byte	.LFE1-.LFB1
 934 0020 00000000 		.4byte	.LFB2
 935 0024 A6000000 		.4byte	.LFE2-.LFB2
 936 0028 00000000 		.4byte	0
 937 002c 00000000 		.4byte	0
 938              		.section	.debug_ranges,"",%progbits
 939              	.Ldebug_ranges0:
 940 0000 00000000 		.4byte	.LFB0
 941 0004 02000000 		.4byte	.LFE0
 942 0008 00000000 		.4byte	.LFB1
 943 000c 02000000 		.4byte	.LFE1
 944 0010 00000000 		.4byte	.LFB2
 945 0014 A6000000 		.4byte	.LFE2
 946 0018 00000000 		.4byte	0
 947 001c 00000000 		.4byte	0
 948              		.section	.debug_line,"",%progbits
 949              	.Ldebug_line0:
 950 0000 D0000000 		.section	.debug_str,"MS",%progbits,1
 950      02005A00 
ARM GAS  C:\Users\User\AppData\Local\Temp\ccnpu280.s 			page 21


 950      00000201 
 950      FB0E0D00 
 950      01010101 
 951              	.LASF15:
 952 0000 63797374 		.ascii	"cystatus\000"
 952      61747573 
 952      00
 953              	.LASF31:
 954 0009 726F7742 		.ascii	"rowBuffer\000"
 954      75666665 
 954      7200
 955              	.LASF24:
 956 0013 77726974 		.ascii	"writeBuffer\000"
 956      65427566 
 956      66657200 
 957              	.LASF21:
 958 001f 73726342 		.ascii	"srcBuf\000"
 958      756600
 959              	.LASF3:
 960 0026 73686F72 		.ascii	"short unsigned int\000"
 960      7420756E 
 960      7369676E 
 960      65642069 
 960      6E7400
 961              	.LASF28:
 962 0039 73726349 		.ascii	"srcIndex\000"
 962      6E646578 
 962      00
 963              	.LASF30:
 964 0042 62797465 		.ascii	"byteOffset\000"
 964      4F666673 
 964      657400
 965              	.LASF12:
 966 004d 666C6F61 		.ascii	"float\000"
 966      7400
 967              	.LASF25:
 968 0053 61727261 		.ascii	"arrayId\000"
 968      79496400 
 969              	.LASF33:
 970 005b 43795365 		.ascii	"CySetFlashEEBuffer\000"
 970      74466C61 
 970      73684545 
 970      42756666 
 970      657200
 971              	.LASF1:
 972 006e 756E7369 		.ascii	"unsigned char\000"
 972      676E6564 
 972      20636861 
 972      7200
 973              	.LASF36:
 974 007c 474E5520 		.ascii	"GNU C11 5.4.1 20160609 (release) [ARM/embedded-5-br"
 974      43313120 
 974      352E342E 
 974      31203230 
 974      31363036 
 975 00af 616E6368 		.ascii	"anch revision 237715] -mcpu=cortex-m3 -mthumb -g -O"
 975      20726576 
ARM GAS  C:\Users\User\AppData\Local\Temp\ccnpu280.s 			page 22


 975      6973696F 
 975      6E203233 
 975      37373135 
 976 00e2 67202D66 		.ascii	"g -ffunction-sections -ffat-lto-objects\000"
 976      66756E63 
 976      74696F6E 
 976      2D736563 
 976      74696F6E 
 977              	.LASF16:
 978 010a 72656738 		.ascii	"reg8\000"
 978      00
 979              	.LASF5:
 980 010f 6C6F6E67 		.ascii	"long unsigned int\000"
 980      20756E73 
 980      69676E65 
 980      6420696E 
 980      7400
 981              	.LASF9:
 982 0121 75696E74 		.ascii	"uint8\000"
 982      3800
 983              	.LASF26:
 984 0127 726F7749 		.ascii	"rowId\000"
 984      6400
 985              	.LASF23:
 986 012d 62797465 		.ascii	"byteCount\000"
 986      436F756E 
 986      7400
 987              	.LASF27:
 988 0137 64737449 		.ascii	"dstIndex\000"
 988      6E646578 
 988      00
 989              	.LASF13:
 990 0140 646F7562 		.ascii	"double\000"
 990      6C6500
 991              	.LASF20:
 992 0147 464C4153 		.ascii	"FLASH_Stop\000"
 992      485F5374 
 992      6F7000
 993              	.LASF10:
 994 0152 75696E74 		.ascii	"uint16\000"
 994      313600
 995              	.LASF11:
 996 0159 75696E74 		.ascii	"uint32\000"
 996      333200
 997              	.LASF8:
 998 0160 756E7369 		.ascii	"unsigned int\000"
 998      676E6564 
 998      20696E74 
 998      00
 999              	.LASF7:
 1000 016d 6C6F6E67 		.ascii	"long long unsigned int\000"
 1000      206C6F6E 
 1000      6720756E 
 1000      7369676E 
 1000      65642069 
 1001              	.LASF29:
 1002 0184 65654F66 		.ascii	"eeOffset\000"
ARM GAS  C:\Users\User\AppData\Local\Temp\ccnpu280.s 			page 23


 1002      66736574 
 1002      00
 1003              	.LASF19:
 1004 018d 464C4153 		.ascii	"FLASH_Start\000"
 1004      485F5374 
 1004      61727400 
 1005              	.LASF32:
 1006 0199 43795365 		.ascii	"CySetTemp\000"
 1006      7454656D 
 1006      7000
 1007              	.LASF18:
 1008 01a3 73697A65 		.ascii	"sizetype\000"
 1008      74797065 
 1008      00
 1009              	.LASF6:
 1010 01ac 6C6F6E67 		.ascii	"long long int\000"
 1010      206C6F6E 
 1010      6720696E 
 1010      7400
 1011              	.LASF14:
 1012 01ba 63686172 		.ascii	"char\000"
 1012      00
 1013              	.LASF37:
 1014 01bf 47656E65 		.ascii	"Generated_Source\\PSoC5\\FLASH.c\000"
 1014      72617465 
 1014      645F536F 
 1014      75726365 
 1014      5C50536F 
 1015              	.LASF22:
 1016 01de 65657072 		.ascii	"eepromPtr\000"
 1016      6F6D5074 
 1016      7200
 1017              	.LASF2:
 1018 01e8 73686F72 		.ascii	"short int\000"
 1018      7420696E 
 1018      7400
 1019              	.LASF4:
 1020 01f2 6C6F6E67 		.ascii	"long int\000"
 1020      20696E74 
 1020      00
 1021              	.LASF17:
 1022 01fb 6C6F6E67 		.ascii	"long double\000"
 1022      20646F75 
 1022      626C6500 
 1023              	.LASF0:
 1024 0207 7369676E 		.ascii	"signed char\000"
 1024      65642063 
 1024      68617200 
 1025              	.LASF35:
 1026 0213 4379466C 		.ascii	"CyFlushCache\000"
 1026      75736843 
 1026      61636865 
 1026      00
 1027              	.LASF38:
 1028 0220 443A5C56 		.ascii	"D:\\VM_share\\MCU_PSoC_FPGA\\WOTAN\\WOTAN.cydsn\000"
 1028      4D5F7368 
 1028      6172655C 
ARM GAS  C:\Users\User\AppData\Local\Temp\ccnpu280.s 			page 24


 1028      4D43555F 
 1028      50536F43 
 1029              	.LASF39:
 1030 024c 464C4153 		.ascii	"FLASH_Write\000"
 1030      485F5772 
 1030      69746500 
 1031              	.LASF34:
 1032 0258 43795772 		.ascii	"CyWriteRowData\000"
 1032      69746552 
 1032      6F774461 
 1032      746100
 1033              		.ident	"GCC: (GNU Tools for ARM Embedded Processors) 5.4.1 20160609 (release) [ARM/embedded-5-bran
