--------------- Clean Started: 11/25/2017 16:59:17 Project: WOTAN, Configuration: ARM GCC 5.4-2016-q2-update Debug ---------------
Deleting file ".\CortexM3\ARM_GCC_541\Debug\main.o"
Deleting file ".\CortexM3\ARM_GCC_541\Debug\cyfitter_cfg.o"
Deleting file ".\CortexM3\ARM_GCC_541\Debug\cymetadata.o"
Deleting file ".\CortexM3\ARM_GCC_541\Debug\IDAC8_1.o"
Deleting file ".\CortexM3\ARM_GCC_541\Debug\IDAC8_1_PM.o"
Deleting file ".\CortexM3\ARM_GCC_541\Debug\LED.o"
Deleting file ".\CortexM3\ARM_GCC_541\Debug\Cm3Start.o"
Deleting file ".\CortexM3\ARM_GCC_541\Debug\CyBootAsmGnu.o"
Deleting file ".\CortexM3\ARM_GCC_541\Debug\CyDmac.o"
Deleting file ".\CortexM3\ARM_GCC_541\Debug\CyFlash.o"
Deleting file ".\CortexM3\ARM_GCC_541\Debug\CyLib.o"
Deleting file ".\CortexM3\ARM_GCC_541\Debug\cyPm.o"
Deleting file ".\CortexM3\ARM_GCC_541\Debug\CySpc.o"
Deleting file ".\CortexM3\ARM_GCC_541\Debug\cyutils.o"
Deleting file ".\CortexM3\ARM_GCC_541\Debug\ADC_SAR_1.o"
Deleting file ".\CortexM3\ARM_GCC_541\Debug\ADC_SAR_1_INT.o"
Deleting file ".\CortexM3\ARM_GCC_541\Debug\ADC_SAR_1_PM.o"
Deleting file ".\CortexM3\ARM_GCC_541\Debug\UART_1.o"
Deleting file ".\CortexM3\ARM_GCC_541\Debug\UART_1_PM.o"
Deleting file ".\CortexM3\ARM_GCC_541\Debug\UART_1_INT.o"
Deleting file ".\CortexM3\ARM_GCC_541\Debug\UART_1_BOOT.o"
Deleting file ".\CortexM3\ARM_GCC_541\Debug\ADC_SAR_1_IRQ.o"
Deleting file ".\CortexM3\ARM_GCC_541\Debug\ADC_SAR_1_Bypass.o"
Deleting file ".\CortexM3\ARM_GCC_541\Debug\UART_1_IntClock.o"
Deleting file ".\CortexM3\ARM_GCC_541\Debug\clkADC.o"
Deleting file ".\CortexM3\ARM_GCC_541\Debug\DMA_ADC_1_dma.o"
Deleting file ".\CortexM3\ARM_GCC_541\Debug\ADC_SAR_2.o"
Deleting file ".\CortexM3\ARM_GCC_541\Debug\ADC_SAR_2_INT.o"
Deleting file ".\CortexM3\ARM_GCC_541\Debug\ADC_SAR_2_PM.o"
Deleting file ".\CortexM3\ARM_GCC_541\Debug\DMA_ADC_2_dma.o"
Deleting file ".\CortexM3\ARM_GCC_541\Debug\ADC_SAR_2_IRQ.o"
Deleting file ".\CortexM3\ARM_GCC_541\Debug\ADC_SAR_2_Bypass.o"
Deleting file ".\CortexM3\ARM_GCC_541\Debug\ShiftReg_1.o"
Deleting file ".\CortexM3\ARM_GCC_541\Debug\ShiftReg_1_PM.o"
Deleting file ".\CortexM3\ARM_GCC_541\Debug\DMA_DAC_1_dma.o"
Deleting file ".\CortexM3\ARM_GCC_541\Debug\IDAC8_2.o"
Deleting file ".\CortexM3\ARM_GCC_541\Debug\IDAC8_2_PM.o"
Deleting file ".\CortexM3\ARM_GCC_541\Debug\DMA_DAC_2_dma.o"
Deleting file ".\CortexM3\ARM_GCC_541\Debug\isr_DAC_1.o"
Deleting file ".\CortexM3\ARM_GCC_541\Debug\ShiftReg_2.o"
Deleting file ".\CortexM3\ARM_GCC_541\Debug\ShiftReg_2_PM.o"
Deleting file ".\CortexM3\ARM_GCC_541\Debug\IDAC8_3.o"
Deleting file ".\CortexM3\ARM_GCC_541\Debug\IDAC8_3_PM.o"
Deleting file ".\CortexM3\ARM_GCC_541\Debug\DMA_DAC_3_dma.o"
Deleting file ".\CortexM3\ARM_GCC_541\Debug\isr_DAC_2.o"
Deleting file ".\CortexM3\ARM_GCC_541\Debug\ShiftReg_3.o"
Deleting file ".\CortexM3\ARM_GCC_541\Debug\ShiftReg_3_PM.o"
Deleting file ".\CortexM3\ARM_GCC_541\Debug\IDAC8_4.o"
Deleting file ".\CortexM3\ARM_GCC_541\Debug\IDAC8_4_PM.o"
Deleting file ".\CortexM3\ARM_GCC_541\Debug\DMA_DAC_4_dma.o"
Deleting file ".\CortexM3\ARM_GCC_541\Debug\isr_DAC_3.o"
Deleting file ".\CortexM3\ARM_GCC_541\Debug\ShiftReg_4.o"
Deleting file ".\CortexM3\ARM_GCC_541\Debug\ShiftReg_4_PM.o"
Deleting file ".\CortexM3\ARM_GCC_541\Debug\isr_DAC_4.o"
Deleting file ".\CortexM3\ARM_GCC_541\Debug\P_CH1.o"
Deleting file ".\CortexM3\ARM_GCC_541\Debug\P_CH4.o"
Deleting file ".\CortexM3\ARM_GCC_541\Debug\P_CH3.o"
Deleting file ".\CortexM3\ARM_GCC_541\Debug\P_CH2.o"
Deleting file ".\CortexM3\ARM_GCC_541\Debug\FLASH.o"
Deleting file ".\CortexM3\ARM_GCC_541\Debug\SW.o"
Deleting file ".\CortexM3\ARM_GCC_541\Debug\isr_ADC_1.o"
Deleting file ".\CortexM3\ARM_GCC_541\Debug\ChannelSel.o"
Deleting file ".\CortexM3\ARM_GCC_541\Debug\isr_ADC_2.o"
Deleting file ".\CortexM3\ARM_GCC_541\Debug\Sig_inP.o"
Deleting file ".\CortexM3\ARM_GCC_541\Debug\Sig_inN.o"
Deleting file ".\CortexM3\ARM_GCC_541\Debug\refOut.o"
Deleting file ".\CortexM3\ARM_GCC_541\Debug\refOut_PM.o"
Deleting file ".\CortexM3\ARM_GCC_541\Debug\Track_Hold_1.o"
Deleting file ".\CortexM3\ARM_GCC_541\Debug\Track_Hold_1_PM.o"
Deleting file ".\CortexM3\ARM_GCC_541\Debug\Track_Hold_2.o"
Deleting file ".\CortexM3\ARM_GCC_541\Debug\Track_Hold_2_PM.o"
Deleting file ".\CortexM3\ARM_GCC_541\Debug\CompTrigger.o"
Deleting file ".\CortexM3\ARM_GCC_541\Debug\CompTrigger_PM.o"
Deleting file ".\CortexM3\ARM_GCC_541\Debug\isrTrigger.o"
Deleting file ".\CortexM3\ARM_GCC_541\Debug\triggerIn.o"
Deleting file ".\CortexM3\ARM_GCC_541\Debug\pwmSAMPLING.o"
Deleting file ".\CortexM3\ARM_GCC_541\Debug\pwmSAMPLING_PM.o"
Deleting file ".\CortexM3\ARM_GCC_541\Debug\GND_XTAL_1.o"
Deleting file ".\CortexM3\ARM_GCC_541\Debug\GND_XTAL_2.o"
Deleting file ".\CortexM3\ARM_GCC_541\Debug\sigBuf.o"
Deleting file ".\CortexM3\ARM_GCC_541\Debug\sigBuf_PM.o"
Deleting file ".\CortexM3\ARM_GCC_541\Debug\internTrigger.o"
Deleting file ".\CortexM3\ARM_GCC_541\Debug\internTrigger_PM.o"
Deleting file ".\CortexM3\ARM_GCC_541\Debug\WOTAN.hex"
Deleting file ".\CortexM3\ARM_GCC_541\Debug\WOTAN.elf"
Deleting file ".\CortexM3\ARM_GCC_541\Debug\WOTAN.map"
Deleting file ".\WOTAN.cycdx"
Deleting file ".\WOTAN.svd"
Deleting file ".\WOTAN.rpt"
Deleting file ".\WOTAN_timing.html"
Deleting file ".\CortexM3\ARM_GCC_541\Debug\.deps\SOURCE_C__ARM_GCC_GENERIC.P"
Deleting file ".\CortexM3\ARM_GCC_541\Debug\.deps\SOURCE_ASM__ARM_GCC_GENERIC.P"
--------------- Clean Succeeded: 11/25/2017 16:59:18 ---------------
