#***************************************************************************

#sjplacer

#Version:            1.1

#Build Date:         Jul 19 2017 14:31:00

#File Generated:     Nov 26 2017 16:25:41

#Purpose:            

#Copyright (C) 2010-2011 by Softjin Technologies Pvt Ltd. All rights reserved.

#***************************************************************************

Executing : D:\Program Files (x86)\Cypress\PSoC Creator\4.1\PSoC Creator\bin/sjplacer.exe --proj-name WOTAN --netlist-vh2 WOTAN_p.vh2 --arch p35_udb4x6 --arch-file D:\Program Files (x86)\Cypress\PSoC Creator\4.1\PSoC Creator\dev\arch/udbdsi_4x6_24.cydata --ip-file D:\Program Files (x86)\Cypress\PSoC Creator\4.1\PSoC Creator\dev\psoc5/psoc5lp/ip_blocks.cydata --rrg-file D:\Program Files (x86)\Cypress\PSoC Creator\4.1\PSoC Creator\dev\psoc5/psoc5lp/route_arch-rrg.cydata --irq-file D:\Program Files (x86)\Cypress\PSoC Creator\4.1\PSoC Creator\dev\psoc5/psoc5lp/irqconn.cydata --drq-file D:\Program Files (x86)\Cypress\PSoC Creator\4.1\PSoC Creator\dev\psoc5/psoc5lp/dmaconn.cydata --dsi-conn-file D:\Program Files (x86)\Cypress\PSoC Creator\4.1\PSoC Creator\dev\psoc5/psoc5lp/dsiconn.cydata --pins-file pins_68-QFN.xml --lib-file WOTAN_p.lib --sdc-file WOTAN.sdc --io-pcf WOTAN.pci --outdir .

		Softjin Techologies Placer, Version 1.1

Build Date : Jul 19 2017	14:29:55

D2004: Option and Settings Summary
=============================================================
Netlist vh2 file          - WOTAN_p.vh2
Architecture file         - D:\Program Files (x86)\Cypress\PSoC Creator\4.1\PSoC Creator\dev\arch/udbdsi_4x6_24.cydata
Package                   - 
Defparam file             - 
SDC file                  - WOTAN.sdc
Output directory          - .
Timing library            - WOTAN_p.lib
IO Placement file         - WOTAN.pci

D2050: Starting reading inputs for placer
=============================================================
D2065: Reading netlist file : "WOTAN_p.vh2"
D2065: Reading arch file : "D:\Program Files (x86)\Cypress\PSoC Creator\4.1\PSoC Creator\dev\arch/udbdsi_4x6_24.cydata"
D2051: Reading of inputs for placer completed successfully

D2053: Starting placement of the design
=============================================================

Phase 2
Phase 3

Design Statistics after Packing
    Number of Combinational MCs 	:	12
    Number of Sequential MCs    	:	16
    Number of DPs               	:	7
    Number of Controls          	:	6
    Number of Status            	:	6
    Number of SyncCells         	:	5
    Number of count7cells       	:	1

Device Utilization Summary after Packing
    Macrocells                  :	28/192
    UDBS                        :	9/24
    IOs                         :	17/72


D2088: Phase 3, elapsed time : 0.0 (sec)

Phase 4
D2088: Phase 4, elapsed time : 0.0 (sec)

Phase 5
D2088: Phase 5, elapsed time : 0.0 (sec)

Phase 6

######################################################################
Placement Timing Summary

The timing summary is based on estimated routing delays after
placement. For final timing report, please carry out the timing
analysis after routing.
======================================================================

######################################################################
                     Clock Summary 
======================================================================
Number of clocks: 11
Clock: CyBUS_CLK            | Frequency:  43.6 MHz | Target:  72.0 MHz
Clock: CyBUS_CLK(fixed-function) | Frequency: N/A       | Target:  72.0 MHz
Clock: CyBUS_CLK(routed)    | Frequency: N/A       | Target:  72.0 MHz
Clock: CyILO                | Frequency: N/A       | Target:   0.1 MHz
Clock: CyIMO                | Frequency: N/A       | Target:  24.0 MHz
Clock: CyMASTER_CLK         | Frequency: N/A       | Target:  72.0 MHz
Clock: CyPLL_OUT            | Frequency: N/A       | Target:  72.0 MHz
Clock: CyXTAL               | Frequency: N/A       | Target:   6.0 MHz
Clock: UART_1_IntClock      | Frequency:  53.6 MHz | Target:   0.9 MHz
Clock: clkADC               | Frequency: N/A       | Target:  18.0 MHz
Clock: clkADC(fixed-function) | Frequency: N/A       | Target:  18.0 MHz

======================================================================
                     End of Clock Summary
######################################################################

D2088: Phase 6, elapsed time : 0.0 (sec)

Phase 7
######################################################################
                     Clock Summary 
======================================================================
Number of clocks: 11
Clock: CyBUS_CLK            | Frequency:  43.6 MHz | Target:  72.0 MHz
Clock: CyBUS_CLK(fixed-function) | Frequency: N/A       | Target:  72.0 MHz
Clock: CyBUS_CLK(routed)    | Frequency: N/A       | Target:  72.0 MHz
Clock: CyILO                | Frequency: N/A       | Target:   0.1 MHz
Clock: CyIMO                | Frequency: N/A       | Target:  24.0 MHz
Clock: CyMASTER_CLK         | Frequency: N/A       | Target:  72.0 MHz
Clock: CyPLL_OUT            | Frequency: N/A       | Target:  72.0 MHz
Clock: CyXTAL               | Frequency: N/A       | Target:   6.0 MHz
Clock: UART_1_IntClock      | Frequency:  53.6 MHz | Target:   0.9 MHz
Clock: clkADC               | Frequency: N/A       | Target:  18.0 MHz
Clock: clkADC(fixed-function) | Frequency: N/A       | Target:  18.0 MHz

======================================================================
                     End of Clock Summary
######################################################################
D2088: Phase 7, elapsed time : 0.4 (sec)

Final Design Statistics
    Number of Combinational MCs 	:	12
    Number of Sequential MCs    	:	16
    Number of DPs               	:	7
    Number of Controls          	:	6
    Number of Status            	:	6
    Number of SyncCells         	:	5
    Number of count7cells       	:	1
    Number of IOs       	:	17

Device Utilization Summary
    Macrocells                  :	28/192
    IOs                         :	17/72



######################################################################
Placement Timing Summary

The timing summary is based on estimated routing delays after
placement. For final timing report, please carry out the timing
analysis after routing.
======================================================================


######################################################################
                     Clock Summary 
======================================================================
Number of clocks: 11
Clock: CyBUS_CLK            | Frequency:  43.6 MHz | Target:  72.0 MHz
Clock: CyBUS_CLK(fixed-function) | Frequency: N/A       | Target:  72.0 MHz
Clock: CyBUS_CLK(routed)    | Frequency: N/A       | Target:  72.0 MHz
Clock: CyILO                | Frequency: N/A       | Target:   0.1 MHz
Clock: CyIMO                | Frequency: N/A       | Target:  24.0 MHz
Clock: CyMASTER_CLK         | Frequency: N/A       | Target:  72.0 MHz
Clock: CyPLL_OUT            | Frequency: N/A       | Target:  72.0 MHz
Clock: CyXTAL               | Frequency: N/A       | Target:   6.0 MHz
Clock: UART_1_IntClock      | Frequency:  47.2 MHz | Target:   0.9 MHz
Clock: clkADC               | Frequency: N/A       | Target:  18.0 MHz
Clock: clkADC(fixed-function) | Frequency: N/A       | Target:  18.0 MHz

======================================================================
                     End of Clock Summary
######################################################################

Phase 8
D2088: Phase 8, elapsed time : 0.0 (sec)

D2054: Placement of the design completed successfully

I2076: Total run-time: 1.2 sec.

